This file contains any messages produced by compilers while
running configure, to aid debugging if configure makes a mistake.

It was created by subversion configure 1.14.0, which was
generated by GNU Autoconf 2.69.  Invocation command line was

  $ ./configure --prefix=/usr/local/Cellar/subversion/1.14.0_6 --disable-debug --enable-optimize --disable-mod-activation --disable-plaintext-password-storage --with-apr-util=/usr/local/opt/apr-util --with-apr=/usr/local/opt/apr --with-apxs=no --with-ruby-sitedir=/usr/local/Cellar/subversion/1.14.0_6/lib/ruby --with-py3c=/private/tmp/subversion-20210202-13421-1gu5eva/subversion-1.14.0/py3c --with-serf=/usr/local/Cellar/subversion/1.14.0_6/libexec/serf --with-sqlite=/usr/local/opt/sqlite --with-swig=/usr/local/opt/swig --with-zlib=/Library/Developer/CommandLineTools/SDKs/MacOSX10.15.sdk/usr --without-apache-libexecdir --without-berkeley-db --without-gpg-agent --without-jikes PYTHON=/usr/local/opt/python@3.9/bin/python3 RUBY=/usr/bin/ruby --with-jdk=/usr/local/opt/openjdk --enable-javahl

## --------- ##
## Platform. ##
## --------- ##

hostname = rews-MacBook-Pro.local
uname -m = x86_64
uname -r = 19.6.0
uname -s = Darwin
uname -v = Darwin Kernel Version 19.6.0: Mon Aug 31 22:12:52 PDT 2020; root:xnu-6153.141.2~1/RELEASE_X86_64

/usr/bin/uname -p = i386
/bin/uname -X     = unknown

/bin/arch              = unknown
/usr/bin/arch -k       = unknown
/usr/convex/getsysinfo = unknown
/usr/bin/hostinfo      = Mach kernel version:
	 Darwin Kernel Version 19.6.0: Mon Aug 31 22:12:52 PDT 2020; root:xnu-6153.141.2~1/RELEASE_X86_64
Kernel configured for up to 4 processors.
2 processors are physically available.
4 processors are logically available.
Processor type: i486 (Intel 80486)
Processors active: 0 1 2 3
Primary memory available: 16.00 gigabytes
Default processor set: 343 tasks, 1485 threads, 4 processors
Load average: 5.34, Mach factor: 0.60
/bin/machine           = unknown
/usr/bin/oslevel       = unknown
/bin/universe          = unknown

PATH: /usr/local/opt/sqlite/bin
PATH: /usr/local/opt/readline/bin
PATH: /usr/local/opt/apr-util/bin
PATH: /usr/local/opt/openssl@1.1/bin
PATH: /usr/local/opt/apr/bin
PATH: /usr/local/opt/openjdk/bin
PATH: /usr/local/Homebrew/Library/Taps/jggj-c/homebrew-test-bot/cmd
PATH: /usr/local/Homebrew/Library/Taps/homebrew/homebrew-services/cmd
PATH: /usr/local/Homebrew/Library/Taps/homebrew/homebrew-bundle/cmd
PATH: /usr/local/Homebrew/Library/Taps/homebrew/homebrew-cask/cmd
PATH: /usr/local/Homebrew/Library/Taps/homebrew/homebrew-test-bot/cmd
PATH: /usr/local/Homebrew/Library/Taps/homebrew/homebrew-core/cmd
PATH: /Users/rew/.rvm/bin
PATH: /Users/rew/.rvm/rubies/ruby-2.6.5/bin
PATH: /Users/rew/.rvm/gems/ruby-2.6.5@global/bin
PATH: /usr/local/Homebrew/Library/Homebrew/shims/scm
PATH: /usr/local/sbin
PATH: /usr/local/bin
PATH: /usr/bin
PATH: /bin
PATH: /usr/sbin
PATH: /sbin


## ----------- ##
## Core tests. ##
## ----------- ##

configure:2753: Configuring Subversion 1.14.0
configure:2772: creating config.nice
configure:2843: checking for gcc
configure:2870: result: /usr/bin/clang
configure:3099: checking for C compiler version
configure:3108: /usr/bin/clang --version >&5
Apple clang version 12.0.0 (clang-1200.0.32.29)
Target: x86_64-apple-darwin19.6.0
Thread model: posix
InstalledDir: /Applications/Xcode.app/Contents/Developer/Toolchains/XcodeDefault.xctoolchain/usr/bin
configure:3119: $? = 0
configure:3108: /usr/bin/clang -v >&5
Apple clang version 12.0.0 (clang-1200.0.32.29)
Target: x86_64-apple-darwin19.6.0
Thread model: posix
InstalledDir: /Applications/Xcode.app/Contents/Developer/Toolchains/XcodeDefault.xctoolchain/usr/bin
configure:3119: $? = 0
configure:3108: /usr/bin/clang -V >&5
clang: error: argument to '-V' is missing (expected 1 value)
clang: error: no input files
configure:3119: $? = 1
configure:3108: /usr/bin/clang -qversion >&5
clang: error: unknown argument '-qversion'; did you mean '--version'?
clang: error: no input files
configure:3119: $? = 1
configure:3139: checking whether the C compiler works
configure:3161: /usr/bin/clang -Os -w -pipe -march=nehalem -mmacosx-version-min=10.15 -isysroot/Library/Developer/CommandLineTools/SDKs/MacOSX10.15.sdk -I/usr/local/opt/sqlite/include -I/usr/local/opt/readline/include -I/usr/local/opt/openssl@1.1/include -I/usr/local/opt/openjdk/include -F/usr/local/Frameworks -isysroot/Library/Developer/CommandLineTools/SDKs/MacOSX10.15.sdk -L/usr/local/opt/sqlite/lib -L/usr/local/opt/readline/lib -L/usr/local/opt/openssl@1.1/lib -L/usr/local/lib -F/usr/local/Frameworks -Wl,-headerpad_max_install_names -isysroot/Library/Developer/CommandLineTools/SDKs/MacOSX10.15.sdk conftest.c  >&5
configure:3165: $? = 0
configure:3213: result: yes
configure:3216: checking for C compiler default output file name
configure:3218: result: a.out
configure:3224: checking for suffix of executables
configure:3231: /usr/bin/clang -o conftest -Os -w -pipe -march=nehalem -mmacosx-version-min=10.15 -isysroot/Library/Developer/CommandLineTools/SDKs/MacOSX10.15.sdk -I/usr/local/opt/sqlite/include -I/usr/local/opt/readline/include -I/usr/local/opt/openssl@1.1/include -I/usr/local/opt/openjdk/include -F/usr/local/Frameworks -isysroot/Library/Developer/CommandLineTools/SDKs/MacOSX10.15.sdk -L/usr/local/opt/sqlite/lib -L/usr/local/opt/readline/lib -L/usr/local/opt/openssl@1.1/lib -L/usr/local/lib -F/usr/local/Frameworks -Wl,-headerpad_max_install_names -isysroot/Library/Developer/CommandLineTools/SDKs/MacOSX10.15.sdk conftest.c  >&5
configure:3235: $? = 0
configure:3257: result: 
configure:3279: checking whether we are cross compiling
configure:3287: /usr/bin/clang -o conftest -Os -w -pipe -march=nehalem -mmacosx-version-min=10.15 -isysroot/Library/Developer/CommandLineTools/SDKs/MacOSX10.15.sdk -I/usr/local/opt/sqlite/include -I/usr/local/opt/readline/include -I/usr/local/opt/openssl@1.1/include -I/usr/local/opt/openjdk/include -F/usr/local/Frameworks -isysroot/Library/Developer/CommandLineTools/SDKs/MacOSX10.15.sdk -L/usr/local/opt/sqlite/lib -L/usr/local/opt/readline/lib -L/usr/local/opt/openssl@1.1/lib -L/usr/local/lib -F/usr/local/Frameworks -Wl,-headerpad_max_install_names -isysroot/Library/Developer/CommandLineTools/SDKs/MacOSX10.15.sdk conftest.c  >&5
configure:3291: $? = 0
configure:3298: ./conftest
configure:3302: $? = 0
configure:3317: result: no
configure:3322: checking for suffix of object files
configure:3344: /usr/bin/clang -c -Os -w -pipe -march=nehalem -mmacosx-version-min=10.15 -isysroot/Library/Developer/CommandLineTools/SDKs/MacOSX10.15.sdk -I/usr/local/opt/sqlite/include -I/usr/local/opt/readline/include -I/usr/local/opt/openssl@1.1/include -I/usr/local/opt/openjdk/include -F/usr/local/Frameworks -isysroot/Library/Developer/CommandLineTools/SDKs/MacOSX10.15.sdk conftest.c >&5
configure:3348: $? = 0
configure:3369: result: o
configure:3373: checking whether we are using the GNU C compiler
configure:3392: /usr/bin/clang -c -Os -w -pipe -march=nehalem -mmacosx-version-min=10.15 -isysroot/Library/Developer/CommandLineTools/SDKs/MacOSX10.15.sdk -I/usr/local/opt/sqlite/include -I/usr/local/opt/readline/include -I/usr/local/opt/openssl@1.1/include -I/usr/local/opt/openjdk/include -F/usr/local/Frameworks -isysroot/Library/Developer/CommandLineTools/SDKs/MacOSX10.15.sdk conftest.c >&5
configure:3392: $? = 0
configure:3401: result: yes
configure:3410: checking whether /usr/bin/clang accepts -g
configure:3430: /usr/bin/clang -c -g -I/usr/local/opt/sqlite/include -I/usr/local/opt/readline/include -I/usr/local/opt/openssl@1.1/include -I/usr/local/opt/openjdk/include -F/usr/local/Frameworks -isysroot/Library/Developer/CommandLineTools/SDKs/MacOSX10.15.sdk conftest.c >&5
configure:3430: $? = 0
configure:3471: result: yes
configure:3488: checking for /usr/bin/clang option to accept ISO C89
configure:3551: /usr/bin/clang  -c -Os -w -pipe -march=nehalem -mmacosx-version-min=10.15 -isysroot/Library/Developer/CommandLineTools/SDKs/MacOSX10.15.sdk -I/usr/local/opt/sqlite/include -I/usr/local/opt/readline/include -I/usr/local/opt/openssl@1.1/include -I/usr/local/opt/openjdk/include -F/usr/local/Frameworks -isysroot/Library/Developer/CommandLineTools/SDKs/MacOSX10.15.sdk conftest.c >&5
configure:3551: $? = 0
configure:3564: result: none needed
configure:3598: checking if /usr/bin/clang accepts -std=c90
configure:3605: /usr/bin/clang -o conftest -std=c90  -I/usr/local/opt/sqlite/include -I/usr/local/opt/readline/include -I/usr/local/opt/openssl@1.1/include -I/usr/local/opt/openjdk/include -F/usr/local/Frameworks -isysroot/Library/Developer/CommandLineTools/SDKs/MacOSX10.15.sdk -L/usr/local/opt/sqlite/lib -L/usr/local/opt/readline/lib -L/usr/local/opt/openssl@1.1/lib -L/usr/local/lib -F/usr/local/Frameworks -Wl,-headerpad_max_install_names -isysroot/Library/Developer/CommandLineTools/SDKs/MacOSX10.15.sdk conftest.c  >&5
configure:3605: $? = 0
configure:3607: result: yes
configure:3720: checking if /usr/bin/clang accepts -w
configure:3727: /usr/bin/clang -o conftest -w  -I/usr/local/opt/sqlite/include -I/usr/local/opt/readline/include -I/usr/local/opt/openssl@1.1/include -I/usr/local/opt/openjdk/include -F/usr/local/Frameworks -isysroot/Library/Developer/CommandLineTools/SDKs/MacOSX10.15.sdk -L/usr/local/opt/sqlite/lib -L/usr/local/opt/readline/lib -L/usr/local/opt/openssl@1.1/lib -L/usr/local/lib -F/usr/local/Frameworks -Wl,-headerpad_max_install_names -isysroot/Library/Developer/CommandLineTools/SDKs/MacOSX10.15.sdk conftest.c  >&5
configure:3727: $? = 0
configure:3729: result: yes
configure:3769: checking if /usr/bin/clang accepts -Werror=unknown-warning-option
configure:3776: /usr/bin/clang -o conftest -Werror=unknown-warning-option -Os -w -pipe -march=nehalem -mmacosx-version-min=10.15 -isysroot/Library/Developer/CommandLineTools/SDKs/MacOSX10.15.sdk -I/usr/local/opt/sqlite/include -I/usr/local/opt/readline/include -I/usr/local/opt/openssl@1.1/include -I/usr/local/opt/openjdk/include -F/usr/local/Frameworks -isysroot/Library/Developer/CommandLineTools/SDKs/MacOSX10.15.sdk -L/usr/local/opt/sqlite/lib -L/usr/local/opt/readline/lib -L/usr/local/opt/openssl@1.1/lib -L/usr/local/lib -F/usr/local/Frameworks -Wl,-headerpad_max_install_names -isysroot/Library/Developer/CommandLineTools/SDKs/MacOSX10.15.sdk conftest.c  >&5
configure:3776: $? = 0
configure:3778: result: yes
configure:3916: checking for C++ compiler version
configure:3925: /usr/bin/clang++ --version >&5
Apple clang version 12.0.0 (clang-1200.0.32.29)
Target: x86_64-apple-darwin19.6.0
Thread model: posix
InstalledDir: /Applications/Xcode.app/Contents/Developer/Toolchains/XcodeDefault.xctoolchain/usr/bin
configure:3936: $? = 0
configure:3925: /usr/bin/clang++ -v >&5
Apple clang version 12.0.0 (clang-1200.0.32.29)
Target: x86_64-apple-darwin19.6.0
Thread model: posix
InstalledDir: /Applications/Xcode.app/Contents/Developer/Toolchains/XcodeDefault.xctoolchain/usr/bin
configure:3936: $? = 0
configure:3925: /usr/bin/clang++ -V >&5
clang: error: argument to '-V' is missing (expected 1 value)
clang: error: no input files
configure:3936: $? = 1
configure:3925: /usr/bin/clang++ -qversion >&5
clang: error: unknown argument '-qversion'; did you mean '--version'?
clang: error: no input files
configure:3936: $? = 1
configure:3940: checking whether we are using the GNU C++ compiler
configure:3959: /usr/bin/clang++ -c -Os -w -pipe -march=nehalem -mmacosx-version-min=10.15 -isysroot/Library/Developer/CommandLineTools/SDKs/MacOSX10.15.sdk -I/usr/local/opt/sqlite/include -I/usr/local/opt/readline/include -I/usr/local/opt/openssl@1.1/include -I/usr/local/opt/openjdk/include -F/usr/local/Frameworks -isysroot/Library/Developer/CommandLineTools/SDKs/MacOSX10.15.sdk conftest.cpp >&5
configure:3959: $? = 0
configure:3968: result: yes
configure:3977: checking whether /usr/bin/clang++ accepts -g
configure:3997: /usr/bin/clang++ -c -g -I/usr/local/opt/sqlite/include -I/usr/local/opt/readline/include -I/usr/local/opt/openssl@1.1/include -I/usr/local/opt/openjdk/include -F/usr/local/Frameworks -isysroot/Library/Developer/CommandLineTools/SDKs/MacOSX10.15.sdk conftest.cpp >&5
configure:3997: $? = 0
configure:4038: result: yes
configure:4075: checking if /usr/bin/clang++ accepts -std=c++11
configure:4082: /usr/bin/clang++ -o conftest -std=c++11  -I/usr/local/opt/sqlite/include -I/usr/local/opt/readline/include -I/usr/local/opt/openssl@1.1/include -I/usr/local/opt/openjdk/include -F/usr/local/Frameworks -isysroot/Library/Developer/CommandLineTools/SDKs/MacOSX10.15.sdk -L/usr/local/opt/sqlite/lib -L/usr/local/opt/readline/lib -L/usr/local/opt/openssl@1.1/lib -L/usr/local/lib -F/usr/local/Frameworks -Wl,-headerpad_max_install_names -isysroot/Library/Developer/CommandLineTools/SDKs/MacOSX10.15.sdk conftest.cpp  >&5
configure:4082: $? = 0
configure:4084: result: yes
configure:4119: checking if /usr/bin/clang++ accepts -w
configure:4126: /usr/bin/clang++ -o conftest -w  -I/usr/local/opt/sqlite/include -I/usr/local/opt/readline/include -I/usr/local/opt/openssl@1.1/include -I/usr/local/opt/openjdk/include -F/usr/local/Frameworks -isysroot/Library/Developer/CommandLineTools/SDKs/MacOSX10.15.sdk -L/usr/local/opt/sqlite/lib -L/usr/local/opt/readline/lib -L/usr/local/opt/openssl@1.1/lib -L/usr/local/lib -F/usr/local/Frameworks -Wl,-headerpad_max_install_names -isysroot/Library/Developer/CommandLineTools/SDKs/MacOSX10.15.sdk conftest.cpp  >&5
configure:4126: $? = 0
configure:4128: result: yes
configure:4168: checking if /usr/bin/clang++ accepts -Werror=unknown-warning-option
configure:4175: /usr/bin/clang++ -o conftest -Werror=unknown-warning-option -Os -w -pipe -march=nehalem -mmacosx-version-min=10.15 -isysroot/Library/Developer/CommandLineTools/SDKs/MacOSX10.15.sdk -I/usr/local/opt/sqlite/include -I/usr/local/opt/readline/include -I/usr/local/opt/openssl@1.1/include -I/usr/local/opt/openjdk/include -F/usr/local/Frameworks -isysroot/Library/Developer/CommandLineTools/SDKs/MacOSX10.15.sdk -L/usr/local/opt/sqlite/lib -L/usr/local/opt/readline/lib -L/usr/local/opt/openssl@1.1/lib -L/usr/local/lib -F/usr/local/Frameworks -Wl,-headerpad_max_install_names -isysroot/Library/Developer/CommandLineTools/SDKs/MacOSX10.15.sdk conftest.cpp  >&5
configure:4175: $? = 0
configure:4177: result: yes
configure:4207: checking how to run the C preprocessor
configure:4238: /usr/bin/clang -E -I/usr/local/opt/sqlite/include -I/usr/local/opt/readline/include -I/usr/local/opt/openssl@1.1/include -I/usr/local/opt/openjdk/include -F/usr/local/Frameworks -isysroot/Library/Developer/CommandLineTools/SDKs/MacOSX10.15.sdk conftest.c
configure:4238: $? = 0
configure:4252: /usr/bin/clang -E -I/usr/local/opt/sqlite/include -I/usr/local/opt/readline/include -I/usr/local/opt/openssl@1.1/include -I/usr/local/opt/openjdk/include -F/usr/local/Frameworks -isysroot/Library/Developer/CommandLineTools/SDKs/MacOSX10.15.sdk conftest.c
conftest.c:9:10: fatal error: 'ac_nonexistent.h' file not found
#include <ac_nonexistent.h>
         ^~~~~~~~~~~~~~~~~~
1 error generated.
configure:4252: $? = 1
configure: failed program was:
| /* confdefs.h */
| #define PACKAGE_NAME "subversion"
| #define PACKAGE_TARNAME "subversion"
| #define PACKAGE_VERSION "1.14.0"
| #define PACKAGE_STRING "subversion 1.14.0"
| #define PACKAGE_BUGREPORT "http://subversion.apache.org/"
| #define PACKAGE_URL ""
| /* end confdefs.h.  */
| #include <ac_nonexistent.h>
configure:4277: result: /usr/bin/clang -E
configure:4297: /usr/bin/clang -E -I/usr/local/opt/sqlite/include -I/usr/local/opt/readline/include -I/usr/local/opt/openssl@1.1/include -I/usr/local/opt/openjdk/include -F/usr/local/Frameworks -isysroot/Library/Developer/CommandLineTools/SDKs/MacOSX10.15.sdk conftest.c
configure:4297: $? = 0
configure:4311: /usr/bin/clang -E -I/usr/local/opt/sqlite/include -I/usr/local/opt/readline/include -I/usr/local/opt/openssl@1.1/include -I/usr/local/opt/openjdk/include -F/usr/local/Frameworks -isysroot/Library/Developer/CommandLineTools/SDKs/MacOSX10.15.sdk conftest.c
conftest.c:9:10: fatal error: 'ac_nonexistent.h' file not found
#include <ac_nonexistent.h>
         ^~~~~~~~~~~~~~~~~~
1 error generated.
configure:4311: $? = 1
configure: failed program was:
| /* confdefs.h */
| #define PACKAGE_NAME "subversion"
| #define PACKAGE_TARNAME "subversion"
| #define PACKAGE_VERSION "1.14.0"
| #define PACKAGE_STRING "subversion 1.14.0"
| #define PACKAGE_BUGREPORT "http://subversion.apache.org/"
| #define PACKAGE_URL ""
| /* end confdefs.h.  */
| #include <ac_nonexistent.h>
configure:4342: checking for a sed that does not truncate output
configure:4406: result: /usr/bin/sed
configure:4417: checking build system type
configure:4431: result: x86_64-apple-darwin19.6.0
configure:4451: checking host system type
configure:4464: result: x86_64-apple-darwin19.6.0
configure:4484: checking target system type
configure:4497: result: x86_64-apple-darwin19.6.0
configure:4525: checking for grep that handles long lines and -e
configure:4583: result: /usr/bin/grep
configure:4588: checking for egrep
configure:4650: result: /usr/bin/grep -E
configure:4656: checking whether ln -s works
configure:4660: result: yes
configure:4682: checking for a BSD-compatible install
configure:4750: result: /usr/bin/install -c
configure:4781: Apache Portable Runtime (APR) library configuration
configure:4809: checking for APR
configure:4888: result: yes
configure:4913: checking APR version
configure:4919: result: 1.7.0
configure:5034: Apache Portable Runtime Utility (APRUTIL) library configuration
configure:5062: checking for APR-util
configure:5141: result: yes
configure:5162: checking APRUTIL version
configure:5176: result: 1.6.1
configure:5280: checking for pkg-config
configure:5298: found /usr/local/bin/pkg-config
configure:5310: result: /usr/local/bin/pkg-config
configure:5320: checking for ANSI C header files
configure:5340: /usr/bin/clang -c -Werror=unknown-warning-option -Os -w -pipe -march=nehalem -mmacosx-version-min=10.15 -isysroot/Library/Developer/CommandLineTools/SDKs/MacOSX10.15.sdk  -g -O2 -I/usr/local/opt/sqlite/include -I/usr/local/opt/readline/include -I/usr/local/opt/openssl@1.1/include -I/usr/local/opt/openjdk/include -F/usr/local/Frameworks -isysroot/Library/Developer/CommandLineTools/SDKs/MacOSX10.15.sdk  -DDARWIN -DSIGPROCMASK_SETS_THREAD_MASK -DDARWIN_10 conftest.c >&5
configure:5340: $? = 0
configure:5413: /usr/bin/clang -o conftest -Werror=unknown-warning-option -Os -w -pipe -march=nehalem -mmacosx-version-min=10.15 -isysroot/Library/Developer/CommandLineTools/SDKs/MacOSX10.15.sdk  -g -O2 -I/usr/local/opt/sqlite/include -I/usr/local/opt/readline/include -I/usr/local/opt/openssl@1.1/include -I/usr/local/opt/openjdk/include -F/usr/local/Frameworks -isysroot/Library/Developer/CommandLineTools/SDKs/MacOSX10.15.sdk  -DDARWIN -DSIGPROCMASK_SETS_THREAD_MASK -DDARWIN_10 -L/usr/local/opt/sqlite/lib -L/usr/local/opt/readline/lib -L/usr/local/opt/openssl@1.1/lib -L/usr/local/lib -F/usr/local/Frameworks -Wl,-headerpad_max_install_names -isysroot/Library/Developer/CommandLineTools/SDKs/MacOSX10.15.sdk  -L/usr/local/opt/openssl@1.1/lib conftest.c  >&5
configure:5413: $? = 0
configure:5413: ./conftest
configure:5413: $? = 0
configure:5424: result: yes
configure:5437: checking for sys/types.h
configure:5437: /usr/bin/clang -c -Werror=unknown-warning-option -Os -w -pipe -march=nehalem -mmacosx-version-min=10.15 -isysroot/Library/Developer/CommandLineTools/SDKs/MacOSX10.15.sdk  -g -O2 -I/usr/local/opt/sqlite/include -I/usr/local/opt/readline/include -I/usr/local/opt/openssl@1.1/include -I/usr/local/opt/openjdk/include -F/usr/local/Frameworks -isysroot/Library/Developer/CommandLineTools/SDKs/MacOSX10.15.sdk  -DDARWIN -DSIGPROCMASK_SETS_THREAD_MASK -DDARWIN_10 conftest.c >&5
configure:5437: $? = 0
configure:5437: result: yes
configure:5437: checking for sys/stat.h
configure:5437: /usr/bin/clang -c -Werror=unknown-warning-option -Os -w -pipe -march=nehalem -mmacosx-version-min=10.15 -isysroot/Library/Developer/CommandLineTools/SDKs/MacOSX10.15.sdk  -g -O2 -I/usr/local/opt/sqlite/include -I/usr/local/opt/readline/include -I/usr/local/opt/openssl@1.1/include -I/usr/local/opt/openjdk/include -F/usr/local/Frameworks -isysroot/Library/Developer/CommandLineTools/SDKs/MacOSX10.15.sdk  -DDARWIN -DSIGPROCMASK_SETS_THREAD_MASK -DDARWIN_10 conftest.c >&5
configure:5437: $? = 0
configure:5437: result: yes
configure:5437: checking for stdlib.h
configure:5437: /usr/bin/clang -c -Werror=unknown-warning-option -Os -w -pipe -march=nehalem -mmacosx-version-min=10.15 -isysroot/Library/Developer/CommandLineTools/SDKs/MacOSX10.15.sdk  -g -O2 -I/usr/local/opt/sqlite/include -I/usr/local/opt/readline/include -I/usr/local/opt/openssl@1.1/include -I/usr/local/opt/openjdk/include -F/usr/local/Frameworks -isysroot/Library/Developer/CommandLineTools/SDKs/MacOSX10.15.sdk  -DDARWIN -DSIGPROCMASK_SETS_THREAD_MASK -DDARWIN_10 conftest.c >&5
configure:5437: $? = 0
configure:5437: result: yes
configure:5437: checking for string.h
configure:5437: /usr/bin/clang -c -Werror=unknown-warning-option -Os -w -pipe -march=nehalem -mmacosx-version-min=10.15 -isysroot/Library/Developer/CommandLineTools/SDKs/MacOSX10.15.sdk  -g -O2 -I/usr/local/opt/sqlite/include -I/usr/local/opt/readline/include -I/usr/local/opt/openssl@1.1/include -I/usr/local/opt/openjdk/include -F/usr/local/Frameworks -isysroot/Library/Developer/CommandLineTools/SDKs/MacOSX10.15.sdk  -DDARWIN -DSIGPROCMASK_SETS_THREAD_MASK -DDARWIN_10 conftest.c >&5
configure:5437: $? = 0
configure:5437: result: yes
configure:5437: checking for memory.h
configure:5437: /usr/bin/clang -c -Werror=unknown-warning-option -Os -w -pipe -march=nehalem -mmacosx-version-min=10.15 -isysroot/Library/Developer/CommandLineTools/SDKs/MacOSX10.15.sdk  -g -O2 -I/usr/local/opt/sqlite/include -I/usr/local/opt/readline/include -I/usr/local/opt/openssl@1.1/include -I/usr/local/opt/openjdk/include -F/usr/local/Frameworks -isysroot/Library/Developer/CommandLineTools/SDKs/MacOSX10.15.sdk  -DDARWIN -DSIGPROCMASK_SETS_THREAD_MASK -DDARWIN_10 conftest.c >&5
configure:5437: $? = 0
configure:5437: result: yes
configure:5437: checking for strings.h
configure:5437: /usr/bin/clang -c -Werror=unknown-warning-option -Os -w -pipe -march=nehalem -mmacosx-version-min=10.15 -isysroot/Library/Developer/CommandLineTools/SDKs/MacOSX10.15.sdk  -g -O2 -I/usr/local/opt/sqlite/include -I/usr/local/opt/readline/include -I/usr/local/opt/openssl@1.1/include -I/usr/local/opt/openjdk/include -F/usr/local/Frameworks -isysroot/Library/Developer/CommandLineTools/SDKs/MacOSX10.15.sdk  -DDARWIN -DSIGPROCMASK_SETS_THREAD_MASK -DDARWIN_10 conftest.c >&5
configure:5437: $? = 0
configure:5437: result: yes
configure:5437: checking for inttypes.h
configure:5437: /usr/bin/clang -c -Werror=unknown-warning-option -Os -w -pipe -march=nehalem -mmacosx-version-min=10.15 -isysroot/Library/Developer/CommandLineTools/SDKs/MacOSX10.15.sdk  -g -O2 -I/usr/local/opt/sqlite/include -I/usr/local/opt/readline/include -I/usr/local/opt/openssl@1.1/include -I/usr/local/opt/openjdk/include -F/usr/local/Frameworks -isysroot/Library/Developer/CommandLineTools/SDKs/MacOSX10.15.sdk  -DDARWIN -DSIGPROCMASK_SETS_THREAD_MASK -DDARWIN_10 conftest.c >&5
configure:5437: $? = 0
configure:5437: result: yes
configure:5437: checking for stdint.h
configure:5437: /usr/bin/clang -c -Werror=unknown-warning-option -Os -w -pipe -march=nehalem -mmacosx-version-min=10.15 -isysroot/Library/Developer/CommandLineTools/SDKs/MacOSX10.15.sdk  -g -O2 -I/usr/local/opt/sqlite/include -I/usr/local/opt/readline/include -I/usr/local/opt/openssl@1.1/include -I/usr/local/opt/openjdk/include -F/usr/local/Frameworks -isysroot/Library/Developer/CommandLineTools/SDKs/MacOSX10.15.sdk  -DDARWIN -DSIGPROCMASK_SETS_THREAD_MASK -DDARWIN_10 conftest.c >&5
configure:5437: $? = 0
configure:5437: result: yes
configure:5437: checking for unistd.h
configure:5437: /usr/bin/clang -c -Werror=unknown-warning-option -Os -w -pipe -march=nehalem -mmacosx-version-min=10.15 -isysroot/Library/Developer/CommandLineTools/SDKs/MacOSX10.15.sdk  -g -O2 -I/usr/local/opt/sqlite/include -I/usr/local/opt/readline/include -I/usr/local/opt/openssl@1.1/include -I/usr/local/opt/openjdk/include -F/usr/local/Frameworks -isysroot/Library/Developer/CommandLineTools/SDKs/MacOSX10.15.sdk  -DDARWIN -DSIGPROCMASK_SETS_THREAD_MASK -DDARWIN_10 conftest.c >&5
configure:5437: $? = 0
configure:5437: result: yes
configure:5477: serf library configuration via pkg-config
configure:5481: checking for serf-2 library
configure:5489: result: no
configure:5481: checking for serf-1 library
configure:5497: result: yes
configure:5499: checking serf library version
configure:5502: result: 1.3.9
configure:5504: checking serf version is suitable
configure:5507: result: yes
configure:5673: checking was serf enabled
configure:5676: result: yes
configure:5775: looking for apr_memcache as part of apr-util
configure:5779: checking apr_memcache.h usability
configure:5779: /usr/bin/clang -c -Werror=unknown-warning-option -Os -w -pipe -march=nehalem -mmacosx-version-min=10.15 -isysroot/Library/Developer/CommandLineTools/SDKs/MacOSX10.15.sdk  -g -O2 -I/usr/local/opt/sqlite/include -I/usr/local/opt/readline/include -I/usr/local/opt/openssl@1.1/include -I/usr/local/opt/openjdk/include -F/usr/local/Frameworks -isysroot/Library/Developer/CommandLineTools/SDKs/MacOSX10.15.sdk  -DDARWIN -DSIGPROCMASK_SETS_THREAD_MASK -DDARWIN_10  -I/usr/local/opt/apr/libexec/include/apr-1   -I/usr/local/opt/apr-util/libexec/include/apr-1 -I/usr/local/opt/openssl@1.1/include conftest.c >&5
configure:5779: $? = 0
configure:5779: result: yes
configure:5779: checking apr_memcache.h presence
configure:5779: /usr/bin/clang -E -I/usr/local/opt/sqlite/include -I/usr/local/opt/readline/include -I/usr/local/opt/openssl@1.1/include -I/usr/local/opt/openjdk/include -F/usr/local/Frameworks -isysroot/Library/Developer/CommandLineTools/SDKs/MacOSX10.15.sdk  -DDARWIN -DSIGPROCMASK_SETS_THREAD_MASK -DDARWIN_10  -I/usr/local/opt/apr/libexec/include/apr-1   -I/usr/local/opt/apr-util/libexec/include/apr-1 -I/usr/local/opt/openssl@1.1/include conftest.c
configure:5779: $? = 0
configure:5779: result: yes
configure:5779: checking for apr_memcache.h
configure:5779: result: yes
configure:5784: checking for apr_memcache_create in -laprutil-1
configure:5809: /usr/bin/clang -o conftest -Werror=unknown-warning-option -Os -w -pipe -march=nehalem -mmacosx-version-min=10.15 -isysroot/Library/Developer/CommandLineTools/SDKs/MacOSX10.15.sdk  -g -O2 -I/usr/local/opt/sqlite/include -I/usr/local/opt/readline/include -I/usr/local/opt/openssl@1.1/include -I/usr/local/opt/openjdk/include -F/usr/local/Frameworks -isysroot/Library/Developer/CommandLineTools/SDKs/MacOSX10.15.sdk  -DDARWIN -DSIGPROCMASK_SETS_THREAD_MASK -DDARWIN_10  -I/usr/local/opt/apr/libexec/include/apr-1   -I/usr/local/opt/apr-util/libexec/include/apr-1 -I/usr/local/opt/openssl@1.1/include -L/usr/local/opt/sqlite/lib -L/usr/local/opt/readline/lib -L/usr/local/opt/openssl@1.1/lib -L/usr/local/lib -F/usr/local/Frameworks -Wl,-headerpad_max_install_names -isysroot/Library/Developer/CommandLineTools/SDKs/MacOSX10.15.sdk  -L/usr/local/opt/openssl@1.1/lib -L/usr/local/Cellar/subversion/1.14.0_6/libexec/serf/lib  -L/usr/local/opt/apr-util/libexec/lib -laprutil-1 conftest.c -laprutil-1   >&5
configure:5809: $? = 0
configure:5818: result: yes
configure:5875: checking for Apache module support via DSO through APXS
configure:5945: result: no
configure:6179: checking sqlite library
configure:6210: checking sqlite3.h usability
configure:6210: /usr/bin/clang -c -Werror=unknown-warning-option -Os -w -pipe -march=nehalem -mmacosx-version-min=10.15 -isysroot/Library/Developer/CommandLineTools/SDKs/MacOSX10.15.sdk  -g -O2 -I/usr/local/opt/sqlite/include -I/usr/local/opt/readline/include -I/usr/local/opt/openssl@1.1/include -I/usr/local/opt/openjdk/include -F/usr/local/Frameworks -isysroot/Library/Developer/CommandLineTools/SDKs/MacOSX10.15.sdk  -DDARWIN -DSIGPROCMASK_SETS_THREAD_MASK -DDARWIN_10 -I/usr/local/opt/sqlite/include conftest.c >&5
configure:6210: $? = 0
configure:6210: result: yes
configure:6210: checking sqlite3.h presence
configure:6210: /usr/bin/clang -E -I/usr/local/opt/sqlite/include -I/usr/local/opt/readline/include -I/usr/local/opt/openssl@1.1/include -I/usr/local/opt/openjdk/include -F/usr/local/Frameworks -isysroot/Library/Developer/CommandLineTools/SDKs/MacOSX10.15.sdk  -DDARWIN -DSIGPROCMASK_SETS_THREAD_MASK -DDARWIN_10 -I/usr/local/opt/sqlite/include conftest.c
configure:6210: $? = 0
configure:6210: result: yes
configure:6210: checking for sqlite3.h
configure:6210: result: yes
configure:6213: checking sqlite library version (via header)
configure:6225: result: okay
configure:6227: checking for sqlite3_close in -lsqlite3
configure:6252: /usr/bin/clang -o conftest -Werror=unknown-warning-option -Os -w -pipe -march=nehalem -mmacosx-version-min=10.15 -isysroot/Library/Developer/CommandLineTools/SDKs/MacOSX10.15.sdk  -g -O2 -I/usr/local/opt/sqlite/include -I/usr/local/opt/readline/include -I/usr/local/opt/openssl@1.1/include -I/usr/local/opt/openjdk/include -F/usr/local/Frameworks -isysroot/Library/Developer/CommandLineTools/SDKs/MacOSX10.15.sdk  -DDARWIN -DSIGPROCMASK_SETS_THREAD_MASK -DDARWIN_10 -I/usr/local/opt/sqlite/include -L/usr/local/opt/sqlite/lib -L/usr/local/opt/readline/lib -L/usr/local/opt/openssl@1.1/lib -L/usr/local/lib -F/usr/local/Frameworks -Wl,-headerpad_max_install_names -isysroot/Library/Developer/CommandLineTools/SDKs/MacOSX10.15.sdk  -L/usr/local/opt/openssl@1.1/lib -L/usr/local/Cellar/subversion/1.14.0_6/libexec/serf/lib  -L/usr/local/opt/sqlite/lib conftest.c -lsqlite3   >&5
configure:6252: $? = 0
configure:6261: result: yes
configure:7429: checking whether the compiler provides atomic builtins
configure:7476: /usr/bin/clang -o conftest -Werror=unknown-warning-option -Os -w -pipe -march=nehalem -mmacosx-version-min=10.15 -isysroot/Library/Developer/CommandLineTools/SDKs/MacOSX10.15.sdk  -g -O2 -I/usr/local/opt/sqlite/include -I/usr/local/opt/readline/include -I/usr/local/opt/openssl@1.1/include -I/usr/local/opt/openjdk/include -F/usr/local/Frameworks -isysroot/Library/Developer/CommandLineTools/SDKs/MacOSX10.15.sdk  -DDARWIN -DSIGPROCMASK_SETS_THREAD_MASK -DDARWIN_10 -L/usr/local/opt/sqlite/lib -L/usr/local/opt/readline/lib -L/usr/local/opt/openssl@1.1/lib -L/usr/local/lib -F/usr/local/Frameworks -Wl,-headerpad_max_install_names -isysroot/Library/Developer/CommandLineTools/SDKs/MacOSX10.15.sdk  -L/usr/local/opt/openssl@1.1/lib -L/usr/local/Cellar/subversion/1.14.0_6/libexec/serf/lib  conftest.c  >&5
configure:7476: $? = 0
configure:7476: ./conftest
configure:7476: $? = 0
configure:7486: result: yes
configure:7546: configuring libtool now
configure:7594: checking how to print strings
configure:7621: result: printf
configure:7642: checking for a sed that does not truncate output
configure:7706: result: /usr/bin/sed
configure:7724: checking for fgrep
configure:7786: result: /usr/bin/grep -F
configure:7821: checking for ld used by /usr/bin/clang
configure:7888: result: /Applications/Xcode.app/Contents/Developer/Toolchains/XcodeDefault.xctoolchain/usr/bin/ld
configure:7895: checking if the linker (/Applications/Xcode.app/Contents/Developer/Toolchains/XcodeDefault.xctoolchain/usr/bin/ld) is GNU ld
configure:7910: result: no
configure:7922: checking for BSD- or MS-compatible name lister (nm)
configure:7976: result: /usr/bin/nm -B
configure:8106: checking the name lister (/usr/bin/nm -B) interface
configure:8113: /usr/bin/clang -c -Werror=unknown-warning-option -Os -w -pipe -march=nehalem -mmacosx-version-min=10.15 -isysroot/Library/Developer/CommandLineTools/SDKs/MacOSX10.15.sdk  -g -O2 -I/usr/local/opt/sqlite/include -I/usr/local/opt/readline/include -I/usr/local/opt/openssl@1.1/include -I/usr/local/opt/openjdk/include -F/usr/local/Frameworks -isysroot/Library/Developer/CommandLineTools/SDKs/MacOSX10.15.sdk  -DDARWIN -DSIGPROCMASK_SETS_THREAD_MASK -DDARWIN_10 conftest.c >&5
configure:8116: /usr/bin/nm -B "conftest.o"
configure:8119: output
0000000000000248 S _some_variable
configure:8126: result: BSD nm
configure:8130: checking the maximum length of command line arguments
configure:8261: result: 196608
configure:8309: checking how to convert x86_64-apple-darwin19.6.0 file names to x86_64-apple-darwin19.6.0 format
configure:8349: result: func_convert_file_noop
configure:8356: checking how to convert x86_64-apple-darwin19.6.0 file names to toolchain format
configure:8376: result: func_convert_file_noop
configure:8383: checking for /Applications/Xcode.app/Contents/Developer/Toolchains/XcodeDefault.xctoolchain/usr/bin/ld option to reload object files
configure:8390: result: -r
configure:8464: checking for objdump
configure:8480: found /usr/bin/objdump
configure:8491: result: objdump
configure:8523: checking how to recognize dependent libraries
configure:8723: result: pass_all
configure:8808: checking for dlltool
configure:8838: result: no
configure:8868: checking how to associate runtime and link libraries
configure:8895: result: printf %s\n
configure:8955: checking for ar
configure:8971: found /usr/bin/ar
configure:8982: result: ar
configure:9019: checking for archiver @FILE support
configure:9036: /usr/bin/clang -c -Werror=unknown-warning-option -Os -w -pipe -march=nehalem -mmacosx-version-min=10.15 -isysroot/Library/Developer/CommandLineTools/SDKs/MacOSX10.15.sdk  -g -O2 -I/usr/local/opt/sqlite/include -I/usr/local/opt/readline/include -I/usr/local/opt/openssl@1.1/include -I/usr/local/opt/openjdk/include -F/usr/local/Frameworks -isysroot/Library/Developer/CommandLineTools/SDKs/MacOSX10.15.sdk  -DDARWIN -DSIGPROCMASK_SETS_THREAD_MASK -DDARWIN_10 conftest.c >&5
configure:9036: $? = 0
configure:9039: ar cru libconftest.a @conftest.lst >&5
ar: @conftest.lst: No such file or directory
configure:9042: $? = 1
configure:9062: result: no
configure:9120: checking for strip
configure:9136: found /usr/bin/strip
configure:9147: result: strip
configure:9219: checking for ranlib
configure:9235: found /usr/bin/ranlib
configure:9246: result: ranlib
configure:9323: checking for gawk
configure:9353: result: no
configure:9323: checking for mawk
configure:9353: result: no
configure:9323: checking for nawk
configure:9353: result: no
configure:9323: checking for awk
configure:9339: found /usr/bin/awk
configure:9350: result: awk
configure:9390: checking command to parse /usr/bin/nm -B output from /usr/bin/clang object
configure:9543: /usr/bin/clang -c -Werror=unknown-warning-option -Os -w -pipe -march=nehalem -mmacosx-version-min=10.15 -isysroot/Library/Developer/CommandLineTools/SDKs/MacOSX10.15.sdk  -g -O2 -I/usr/local/opt/sqlite/include -I/usr/local/opt/readline/include -I/usr/local/opt/openssl@1.1/include -I/usr/local/opt/openjdk/include -F/usr/local/Frameworks -isysroot/Library/Developer/CommandLineTools/SDKs/MacOSX10.15.sdk  -DDARWIN -DSIGPROCMASK_SETS_THREAD_MASK -DDARWIN_10 conftest.c >&5
configure:9546: $? = 0
configure:9550: /usr/bin/nm -B conftest.o \| sed -n -e 's/^.*[ ]\([BCDEGRST][BCDEGRST]*\)[ ][ ]*\([_A-Za-z][_A-Za-z0-9]*\)$/\1 \2 \2/p' | sed '/ __gnu_lto/d' \> conftest.nm
configure:9553: $? = 0
cannot find nm_test_var in conftest.nm
configure:9543: /usr/bin/clang -c -Werror=unknown-warning-option -Os -w -pipe -march=nehalem -mmacosx-version-min=10.15 -isysroot/Library/Developer/CommandLineTools/SDKs/MacOSX10.15.sdk  -g -O2 -I/usr/local/opt/sqlite/include -I/usr/local/opt/readline/include -I/usr/local/opt/openssl@1.1/include -I/usr/local/opt/openjdk/include -F/usr/local/Frameworks -isysroot/Library/Developer/CommandLineTools/SDKs/MacOSX10.15.sdk  -DDARWIN -DSIGPROCMASK_SETS_THREAD_MASK -DDARWIN_10 conftest.c >&5
configure:9546: $? = 0
configure:9550: /usr/bin/nm -B conftest.o \| sed -n -e 's/^.*[ ]\([BCDEGRST][BCDEGRST]*\)[ ][ ]*_\([_A-Za-z][_A-Za-z0-9]*\)$/\1 _\2 \2/p' | sed '/ __gnu_lto/d' \> conftest.nm
configure:9553: $? = 0
configure:9619: /usr/bin/clang -o conftest -Werror=unknown-warning-option -Os -w -pipe -march=nehalem -mmacosx-version-min=10.15 -isysroot/Library/Developer/CommandLineTools/SDKs/MacOSX10.15.sdk  -g -O2 -I/usr/local/opt/sqlite/include -I/usr/local/opt/readline/include -I/usr/local/opt/openssl@1.1/include -I/usr/local/opt/openjdk/include -F/usr/local/Frameworks -isysroot/Library/Developer/CommandLineTools/SDKs/MacOSX10.15.sdk  -DDARWIN -DSIGPROCMASK_SETS_THREAD_MASK -DDARWIN_10 -L/usr/local/opt/sqlite/lib -L/usr/local/opt/readline/lib -L/usr/local/opt/openssl@1.1/lib -L/usr/local/lib -F/usr/local/Frameworks -Wl,-headerpad_max_install_names -isysroot/Library/Developer/CommandLineTools/SDKs/MacOSX10.15.sdk  -L/usr/local/opt/openssl@1.1/lib -L/usr/local/Cellar/subversion/1.14.0_6/libexec/serf/lib  conftest.c conftstm.o >&5
warning: (x86_64)  could not find object file symbol for symbol _main
configure:9622: $? = 0
configure:9660: result: ok
configure:9707: checking for sysroot
configure:9737: result: no
configure:9744: checking for a working dd
configure:9782: result: /bin/dd
configure:9786: checking how to truncate binary pipes
configure:9801: result: /bin/dd bs=4096 count=1
configure:10130: checking for mt
configure:10160: result: no
configure:10180: checking if : is a manifest tool
configure:10186: : '-?'
configure:10194: result: no
configure:10250: checking for dsymutil
configure:10266: found /usr/bin/dsymutil
configure:10277: result: dsymutil
configure:10342: checking for nmedit
configure:10358: found /usr/bin/nmedit
configure:10369: result: nmedit
configure:10434: checking for lipo
configure:10450: found /usr/bin/lipo
configure:10461: result: lipo
configure:10526: checking for otool
configure:10542: found /usr/bin/otool
configure:10553: result: otool
configure:10618: checking for otool64
configure:10648: result: no
configure:10693: checking for -single_module linker flag
/usr/bin/clang -Werror=unknown-warning-option -Os -w -pipe -march=nehalem -mmacosx-version-min=10.15 -isysroot/Library/Developer/CommandLineTools/SDKs/MacOSX10.15.sdk  -g -O2 -L/usr/local/opt/sqlite/lib -L/usr/local/opt/readline/lib -L/usr/local/opt/openssl@1.1/lib -L/usr/local/lib -F/usr/local/Frameworks -Wl,-headerpad_max_install_names -isysroot/Library/Developer/CommandLineTools/SDKs/MacOSX10.15.sdk  -L/usr/local/opt/openssl@1.1/lib -L/usr/local/Cellar/subversion/1.14.0_6/libexec/serf/lib  -o libconftest.dylib -dynamiclib -Wl,-single_module conftest.c
configure:10726: result: yes
configure:10729: checking for -exported_symbols_list linker flag
configure:10749: /usr/bin/clang -o conftest -Werror=unknown-warning-option -Os -w -pipe -march=nehalem -mmacosx-version-min=10.15 -isysroot/Library/Developer/CommandLineTools/SDKs/MacOSX10.15.sdk  -g -O2 -I/usr/local/opt/sqlite/include -I/usr/local/opt/readline/include -I/usr/local/opt/openssl@1.1/include -I/usr/local/opt/openjdk/include -F/usr/local/Frameworks -isysroot/Library/Developer/CommandLineTools/SDKs/MacOSX10.15.sdk  -DDARWIN -DSIGPROCMASK_SETS_THREAD_MASK -DDARWIN_10 -L/usr/local/opt/sqlite/lib -L/usr/local/opt/readline/lib -L/usr/local/opt/openssl@1.1/lib -L/usr/local/lib -F/usr/local/Frameworks -Wl,-headerpad_max_install_names -isysroot/Library/Developer/CommandLineTools/SDKs/MacOSX10.15.sdk  -L/usr/local/opt/openssl@1.1/lib -L/usr/local/Cellar/subversion/1.14.0_6/libexec/serf/lib  -Wl,-exported_symbols_list,conftest.sym conftest.c  >&5
configure:10749: $? = 0
configure:10759: result: yes
configure:10762: checking for -force_load linker flag
/usr/bin/clang -Werror=unknown-warning-option -Os -w -pipe -march=nehalem -mmacosx-version-min=10.15 -isysroot/Library/Developer/CommandLineTools/SDKs/MacOSX10.15.sdk  -g -O2 -c -o conftest.o conftest.c
ar cru libconftest.a conftest.o
ranlib libconftest.a
/usr/bin/clang -Werror=unknown-warning-option -Os -w -pipe -march=nehalem -mmacosx-version-min=10.15 -isysroot/Library/Developer/CommandLineTools/SDKs/MacOSX10.15.sdk  -g -O2 -L/usr/local/opt/sqlite/lib -L/usr/local/opt/readline/lib -L/usr/local/opt/openssl@1.1/lib -L/usr/local/lib -F/usr/local/Frameworks -Wl,-headerpad_max_install_names -isysroot/Library/Developer/CommandLineTools/SDKs/MacOSX10.15.sdk  -L/usr/local/opt/openssl@1.1/lib -L/usr/local/Cellar/subversion/1.14.0_6/libexec/serf/lib  -o conftest conftest.c -Wl,-force_load,./libconftest.a
configure:10794: result: yes
configure:10868: checking for dlfcn.h
configure:10868: /usr/bin/clang -c -Werror=unknown-warning-option -Os -w -pipe -march=nehalem -mmacosx-version-min=10.15 -isysroot/Library/Developer/CommandLineTools/SDKs/MacOSX10.15.sdk  -g -O2 -I/usr/local/opt/sqlite/include -I/usr/local/opt/readline/include -I/usr/local/opt/openssl@1.1/include -I/usr/local/opt/openjdk/include -F/usr/local/Frameworks -isysroot/Library/Developer/CommandLineTools/SDKs/MacOSX10.15.sdk  -DDARWIN -DSIGPROCMASK_SETS_THREAD_MASK -DDARWIN_10 conftest.c >&5
configure:10868: $? = 0
configure:10868: result: yes
configure:11134: checking for objdir
configure:11149: result: .libs
configure:11413: checking if /usr/bin/clang supports -fno-rtti -fno-exceptions
configure:11431: /usr/bin/clang -c -Werror=unknown-warning-option -Os -w -pipe -march=nehalem -mmacosx-version-min=10.15 -isysroot/Library/Developer/CommandLineTools/SDKs/MacOSX10.15.sdk  -g -O2 -I/usr/local/opt/sqlite/include -I/usr/local/opt/readline/include -I/usr/local/opt/openssl@1.1/include -I/usr/local/opt/openjdk/include -F/usr/local/Frameworks -isysroot/Library/Developer/CommandLineTools/SDKs/MacOSX10.15.sdk  -DDARWIN -DSIGPROCMASK_SETS_THREAD_MASK -DDARWIN_10 -fno-rtti -fno-exceptions conftest.c >&5
configure:11435: $? = 0
configure:11448: result: yes
configure:11806: checking for /usr/bin/clang option to produce PIC
configure:11813: result: -fno-common -DPIC
configure:11821: checking if /usr/bin/clang PIC flag -fno-common -DPIC works
configure:11839: /usr/bin/clang -c -Werror=unknown-warning-option -Os -w -pipe -march=nehalem -mmacosx-version-min=10.15 -isysroot/Library/Developer/CommandLineTools/SDKs/MacOSX10.15.sdk  -g -O2 -I/usr/local/opt/sqlite/include -I/usr/local/opt/readline/include -I/usr/local/opt/openssl@1.1/include -I/usr/local/opt/openjdk/include -F/usr/local/Frameworks -isysroot/Library/Developer/CommandLineTools/SDKs/MacOSX10.15.sdk  -DDARWIN -DSIGPROCMASK_SETS_THREAD_MASK -DDARWIN_10 -fno-common -DPIC -DPIC conftest.c >&5
configure:11843: $? = 0
configure:11856: result: yes
configure:11885: checking if /usr/bin/clang static flag -static works
configure:11913: result: no
configure:11928: checking if /usr/bin/clang supports -c -o file.o
configure:11949: /usr/bin/clang -c -Werror=unknown-warning-option -Os -w -pipe -march=nehalem -mmacosx-version-min=10.15 -isysroot/Library/Developer/CommandLineTools/SDKs/MacOSX10.15.sdk  -g -O2 -I/usr/local/opt/sqlite/include -I/usr/local/opt/readline/include -I/usr/local/opt/openssl@1.1/include -I/usr/local/opt/openjdk/include -F/usr/local/Frameworks -isysroot/Library/Developer/CommandLineTools/SDKs/MacOSX10.15.sdk  -DDARWIN -DSIGPROCMASK_SETS_THREAD_MASK -DDARWIN_10 -o out/conftest2.o conftest.c >&5
configure:11953: $? = 0
configure:11975: result: yes
configure:11983: checking if /usr/bin/clang supports -c -o file.o
configure:12030: result: yes
configure:12063: checking whether the /usr/bin/clang linker (/Applications/Xcode.app/Contents/Developer/Toolchains/XcodeDefault.xctoolchain/usr/bin/ld) supports shared libraries
configure:13322: result: yes
configure:13562: checking dynamic linker characteristics
configure:14380: result: darwin19.6.0 dyld
configure:14502: checking how to hardcode library paths into programs
configure:14527: result: immediate
configure:15075: checking whether stripping libraries is possible
configure:15089: result: yes
configure:15115: checking if libtool supports shared libraries
configure:15117: result: yes
configure:15120: checking whether to build shared libraries
configure:15145: result: yes
configure:15148: checking whether to build static libraries
configure:15152: result: yes
configure:15175: checking how to run the C++ preprocessor
configure:15202: /usr/bin/clang++ -E -I/usr/local/opt/sqlite/include -I/usr/local/opt/readline/include -I/usr/local/opt/openssl@1.1/include -I/usr/local/opt/openjdk/include -F/usr/local/Frameworks -isysroot/Library/Developer/CommandLineTools/SDKs/MacOSX10.15.sdk  -DDARWIN -DSIGPROCMASK_SETS_THREAD_MASK -DDARWIN_10 conftest.cpp
configure:15202: $? = 0
configure:15216: /usr/bin/clang++ -E -I/usr/local/opt/sqlite/include -I/usr/local/opt/readline/include -I/usr/local/opt/openssl@1.1/include -I/usr/local/opt/openjdk/include -F/usr/local/Frameworks -isysroot/Library/Developer/CommandLineTools/SDKs/MacOSX10.15.sdk  -DDARWIN -DSIGPROCMASK_SETS_THREAD_MASK -DDARWIN_10 conftest.cpp
conftest.cpp:27:10: fatal error: 'ac_nonexistent.h' file not found
#include <ac_nonexistent.h>
         ^~~~~~~~~~~~~~~~~~
1 error generated.
configure:15216: $? = 1
configure: failed program was:
| /* confdefs.h */
| #define PACKAGE_NAME "subversion"
| #define PACKAGE_TARNAME "subversion"
| #define PACKAGE_VERSION "1.14.0"
| #define PACKAGE_STRING "subversion 1.14.0"
| #define PACKAGE_BUGREPORT "http://subversion.apache.org/"
| #define PACKAGE_URL ""
| #define SVN_SOVERSION 0
| #define STDC_HEADERS 1
| #define HAVE_SYS_TYPES_H 1
| #define HAVE_SYS_STAT_H 1
| #define HAVE_STDLIB_H 1
| #define HAVE_STRING_H 1
| #define HAVE_MEMORY_H 1
| #define HAVE_STRINGS_H 1
| #define HAVE_INTTYPES_H 1
| #define HAVE_STDINT_H 1
| #define HAVE_UNISTD_H 1
| #define SVN_HAVE_SERF 1
| #define SVN_HAVE_MEMCACHE 1
| #define SVN_HAS_ATOMIC_BUILTINS 1
| #define SVN_BINDIR "/usr/local/Cellar/subversion/1.14.0_6/bin"
| #define SVN_LOCALE_DIR "/usr/local/Cellar/subversion/1.14.0_6/share/locale"
| #define HAVE_DLFCN_H 1
| #define LT_OBJDIR ".libs/"
| /* end confdefs.h.  */
| #include <ac_nonexistent.h>
configure:15241: result: /usr/bin/clang++ -E
configure:15261: /usr/bin/clang++ -E -I/usr/local/opt/sqlite/include -I/usr/local/opt/readline/include -I/usr/local/opt/openssl@1.1/include -I/usr/local/opt/openjdk/include -F/usr/local/Frameworks -isysroot/Library/Developer/CommandLineTools/SDKs/MacOSX10.15.sdk  -DDARWIN -DSIGPROCMASK_SETS_THREAD_MASK -DDARWIN_10 conftest.cpp
configure:15261: $? = 0
configure:15275: /usr/bin/clang++ -E -I/usr/local/opt/sqlite/include -I/usr/local/opt/readline/include -I/usr/local/opt/openssl@1.1/include -I/usr/local/opt/openjdk/include -F/usr/local/Frameworks -isysroot/Library/Developer/CommandLineTools/SDKs/MacOSX10.15.sdk  -DDARWIN -DSIGPROCMASK_SETS_THREAD_MASK -DDARWIN_10 conftest.cpp
conftest.cpp:27:10: fatal error: 'ac_nonexistent.h' file not found
#include <ac_nonexistent.h>
         ^~~~~~~~~~~~~~~~~~
1 error generated.
configure:15275: $? = 1
configure: failed program was:
| /* confdefs.h */
| #define PACKAGE_NAME "subversion"
| #define PACKAGE_TARNAME "subversion"
| #define PACKAGE_VERSION "1.14.0"
| #define PACKAGE_STRING "subversion 1.14.0"
| #define PACKAGE_BUGREPORT "http://subversion.apache.org/"
| #define PACKAGE_URL ""
| #define SVN_SOVERSION 0
| #define STDC_HEADERS 1
| #define HAVE_SYS_TYPES_H 1
| #define HAVE_SYS_STAT_H 1
| #define HAVE_STDLIB_H 1
| #define HAVE_STRING_H 1
| #define HAVE_MEMORY_H 1
| #define HAVE_STRINGS_H 1
| #define HAVE_INTTYPES_H 1
| #define HAVE_STDINT_H 1
| #define HAVE_UNISTD_H 1
| #define SVN_HAVE_SERF 1
| #define SVN_HAVE_MEMCACHE 1
| #define SVN_HAS_ATOMIC_BUILTINS 1
| #define SVN_BINDIR "/usr/local/Cellar/subversion/1.14.0_6/bin"
| #define SVN_LOCALE_DIR "/usr/local/Cellar/subversion/1.14.0_6/share/locale"
| #define HAVE_DLFCN_H 1
| #define LT_OBJDIR ".libs/"
| /* end confdefs.h.  */
| #include <ac_nonexistent.h>
configure:15437: checking for ld used by /usr/bin/clang++
configure:15504: result: /Applications/Xcode.app/Contents/Developer/Toolchains/XcodeDefault.xctoolchain/usr/bin/ld
configure:15511: checking if the linker (/Applications/Xcode.app/Contents/Developer/Toolchains/XcodeDefault.xctoolchain/usr/bin/ld) is GNU ld
configure:15526: result: no
configure:15581: checking whether the /usr/bin/clang++ linker (/Applications/Xcode.app/Contents/Developer/Toolchains/XcodeDefault.xctoolchain/usr/bin/ld) supports shared libraries
configure:16654: result: yes
configure:16690: /usr/bin/clang++ -c -Werror=unknown-warning-option -Os -w -pipe -march=nehalem -mmacosx-version-min=10.15 -isysroot/Library/Developer/CommandLineTools/SDKs/MacOSX10.15.sdk -I/usr/local/opt/sqlite/include -I/usr/local/opt/readline/include -I/usr/local/opt/openssl@1.1/include -I/usr/local/opt/openjdk/include -F/usr/local/Frameworks -isysroot/Library/Developer/CommandLineTools/SDKs/MacOSX10.15.sdk  -DDARWIN -DSIGPROCMASK_SETS_THREAD_MASK -DDARWIN_10 conftest.cpp >&5
configure:16693: $? = 0
configure:17174: checking for /usr/bin/clang++ option to produce PIC
configure:17181: result: -fno-common -DPIC
configure:17189: checking if /usr/bin/clang++ PIC flag -fno-common -DPIC works
configure:17207: /usr/bin/clang++ -c -Werror=unknown-warning-option -Os -w -pipe -march=nehalem -mmacosx-version-min=10.15 -isysroot/Library/Developer/CommandLineTools/SDKs/MacOSX10.15.sdk -I/usr/local/opt/sqlite/include -I/usr/local/opt/readline/include -I/usr/local/opt/openssl@1.1/include -I/usr/local/opt/openjdk/include -F/usr/local/Frameworks -isysroot/Library/Developer/CommandLineTools/SDKs/MacOSX10.15.sdk  -DDARWIN -DSIGPROCMASK_SETS_THREAD_MASK -DDARWIN_10 -fno-common -DPIC -DPIC conftest.cpp >&5
configure:17211: $? = 0
configure:17224: result: yes
configure:17247: checking if /usr/bin/clang++ static flag -static works
configure:17275: result: no
configure:17287: checking if /usr/bin/clang++ supports -c -o file.o
configure:17308: /usr/bin/clang++ -c -Werror=unknown-warning-option -Os -w -pipe -march=nehalem -mmacosx-version-min=10.15 -isysroot/Library/Developer/CommandLineTools/SDKs/MacOSX10.15.sdk -I/usr/local/opt/sqlite/include -I/usr/local/opt/readline/include -I/usr/local/opt/openssl@1.1/include -I/usr/local/opt/openjdk/include -F/usr/local/Frameworks -isysroot/Library/Developer/CommandLineTools/SDKs/MacOSX10.15.sdk  -DDARWIN -DSIGPROCMASK_SETS_THREAD_MASK -DDARWIN_10 -o out/conftest2.o conftest.cpp >&5
configure:17312: $? = 0
configure:17334: result: yes
configure:17339: checking if /usr/bin/clang++ supports -c -o file.o
configure:17386: result: yes
configure:17416: checking whether the /usr/bin/clang++ linker (/Applications/Xcode.app/Contents/Developer/Toolchains/XcodeDefault.xctoolchain/usr/bin/ld) supports shared libraries
configure:17456: result: yes
configure:17597: checking dynamic linker characteristics
configure:18342: result: darwin19.6.0 dyld
configure:18407: checking how to hardcode library paths into programs
configure:18432: result: immediate
configure:18536: building both shared and static libraries
configure:18592: checking whether libtool needs -no-undefined
configure:18601: result: no
configure:18620: checking for trang
configure:18651: result: none
configure:18676: checking for doxygen
configure:18707: result: none
configure:18737: checking for Expat
configure:18763: /usr/bin/clang -o conftest -Werror=unknown-warning-option -Os -w -pipe -march=nehalem -mmacosx-version-min=10.15 -isysroot/Library/Developer/CommandLineTools/SDKs/MacOSX10.15.sdk  -g -O2 -I/usr/local/opt/sqlite/include -I/usr/local/opt/readline/include -I/usr/local/opt/openssl@1.1/include -I/usr/local/opt/openjdk/include -F/usr/local/Frameworks -isysroot/Library/Developer/CommandLineTools/SDKs/MacOSX10.15.sdk  -DDARWIN -DSIGPROCMASK_SETS_THREAD_MASK -DDARWIN_10  -L/usr/local/opt/sqlite/lib -L/usr/local/opt/readline/lib -L/usr/local/opt/openssl@1.1/lib -L/usr/local/lib -F/usr/local/Frameworks -Wl,-headerpad_max_install_names -isysroot/Library/Developer/CommandLineTools/SDKs/MacOSX10.15.sdk  -L/usr/local/opt/openssl@1.1/lib -L/usr/local/Cellar/subversion/1.14.0_6/libexec/serf/lib  conftest.c  -lexpat >&5
configure:18763: $? = 0
configure:18772: result: yes
configure:18822: checking for socket in -lsocket
configure:18847: /usr/bin/clang -o conftest -Werror=unknown-warning-option -Os -w -pipe -march=nehalem -mmacosx-version-min=10.15 -isysroot/Library/Developer/CommandLineTools/SDKs/MacOSX10.15.sdk  -g -O2 -I/usr/local/opt/sqlite/include -I/usr/local/opt/readline/include -I/usr/local/opt/openssl@1.1/include -I/usr/local/opt/openjdk/include -F/usr/local/Frameworks -isysroot/Library/Developer/CommandLineTools/SDKs/MacOSX10.15.sdk  -DDARWIN -DSIGPROCMASK_SETS_THREAD_MASK -DDARWIN_10 -L/usr/local/opt/sqlite/lib -L/usr/local/opt/readline/lib -L/usr/local/opt/openssl@1.1/lib -L/usr/local/lib -F/usr/local/Frameworks -Wl,-headerpad_max_install_names -isysroot/Library/Developer/CommandLineTools/SDKs/MacOSX10.15.sdk  -L/usr/local/opt/openssl@1.1/lib -L/usr/local/Cellar/subversion/1.14.0_6/libexec/serf/lib  conftest.c -lsocket   >&5
ld: library not found for -lsocket
clang: error: linker command failed with exit code 1 (use -v to see invocation)
configure:18847: $? = 1
configure: failed program was:
| /* confdefs.h */
| #define PACKAGE_NAME "subversion"
| #define PACKAGE_TARNAME "subversion"
| #define PACKAGE_VERSION "1.14.0"
| #define PACKAGE_STRING "subversion 1.14.0"
| #define PACKAGE_BUGREPORT "http://subversion.apache.org/"
| #define PACKAGE_URL ""
| #define SVN_SOVERSION 0
| #define STDC_HEADERS 1
| #define HAVE_SYS_TYPES_H 1
| #define HAVE_SYS_STAT_H 1
| #define HAVE_STDLIB_H 1
| #define HAVE_STRING_H 1
| #define HAVE_MEMORY_H 1
| #define HAVE_STRINGS_H 1
| #define HAVE_INTTYPES_H 1
| #define HAVE_STDINT_H 1
| #define HAVE_UNISTD_H 1
| #define SVN_HAVE_SERF 1
| #define SVN_HAVE_MEMCACHE 1
| #define SVN_HAS_ATOMIC_BUILTINS 1
| #define SVN_BINDIR "/usr/local/Cellar/subversion/1.14.0_6/bin"
| #define SVN_LOCALE_DIR "/usr/local/Cellar/subversion/1.14.0_6/share/locale"
| #define HAVE_DLFCN_H 1
| #define LT_OBJDIR ".libs/"
| /* end confdefs.h.  */
| 
| /* Override any GCC internal prototype to avoid an error.
|    Use char because int might match the return type of a GCC
|    builtin and then its argument prototype would still apply.  */
| #ifdef __cplusplus
| extern "C"
| #endif
| char socket ();
| int
| main ()
| {
| return socket ();
|   ;
|   return 0;
| }
configure:18856: result: no
configure:19163: checking whether to look for SASL
configure:19171: result: yes
configure:19177: Looking in default locations
configure:19179: checking sasl/sasl.h usability
configure:19179: /usr/bin/clang -c -Werror=unknown-warning-option -Os -w -pipe -march=nehalem -mmacosx-version-min=10.15 -isysroot/Library/Developer/CommandLineTools/SDKs/MacOSX10.15.sdk  -g -O2 -I/usr/local/opt/sqlite/include -I/usr/local/opt/readline/include -I/usr/local/opt/openssl@1.1/include -I/usr/local/opt/openjdk/include -F/usr/local/Frameworks -isysroot/Library/Developer/CommandLineTools/SDKs/MacOSX10.15.sdk  -DDARWIN -DSIGPROCMASK_SETS_THREAD_MASK -DDARWIN_10 conftest.c >&5
configure:19179: $? = 0
configure:19179: result: yes
configure:19179: checking sasl/sasl.h presence
configure:19179: /usr/bin/clang -E -I/usr/local/opt/sqlite/include -I/usr/local/opt/readline/include -I/usr/local/opt/openssl@1.1/include -I/usr/local/opt/openjdk/include -F/usr/local/Frameworks -isysroot/Library/Developer/CommandLineTools/SDKs/MacOSX10.15.sdk  -DDARWIN -DSIGPROCMASK_SETS_THREAD_MASK -DDARWIN_10 conftest.c
configure:19179: $? = 0
configure:19179: result: yes
configure:19179: checking for sasl/sasl.h
configure:19179: result: yes
configure:19181: checking sasl/saslutil.h usability
configure:19181: /usr/bin/clang -c -Werror=unknown-warning-option -Os -w -pipe -march=nehalem -mmacosx-version-min=10.15 -isysroot/Library/Developer/CommandLineTools/SDKs/MacOSX10.15.sdk  -g -O2 -I/usr/local/opt/sqlite/include -I/usr/local/opt/readline/include -I/usr/local/opt/openssl@1.1/include -I/usr/local/opt/openjdk/include -F/usr/local/Frameworks -isysroot/Library/Developer/CommandLineTools/SDKs/MacOSX10.15.sdk  -DDARWIN -DSIGPROCMASK_SETS_THREAD_MASK -DDARWIN_10 conftest.c >&5
configure:19181: $? = 0
configure:19181: result: yes
configure:19181: checking sasl/saslutil.h presence
configure:19181: /usr/bin/clang -E -I/usr/local/opt/sqlite/include -I/usr/local/opt/readline/include -I/usr/local/opt/openssl@1.1/include -I/usr/local/opt/openjdk/include -F/usr/local/Frameworks -isysroot/Library/Developer/CommandLineTools/SDKs/MacOSX10.15.sdk  -DDARWIN -DSIGPROCMASK_SETS_THREAD_MASK -DDARWIN_10 conftest.c
configure:19181: $? = 0
configure:19181: result: yes
configure:19181: checking for sasl/saslutil.h
configure:19181: result: yes
configure:19183: checking for prop_get in -lsasl2
configure:19208: /usr/bin/clang -o conftest -Werror=unknown-warning-option -Os -w -pipe -march=nehalem -mmacosx-version-min=10.15 -isysroot/Library/Developer/CommandLineTools/SDKs/MacOSX10.15.sdk  -g -O2 -I/usr/local/opt/sqlite/include -I/usr/local/opt/readline/include -I/usr/local/opt/openssl@1.1/include -I/usr/local/opt/openjdk/include -F/usr/local/Frameworks -isysroot/Library/Developer/CommandLineTools/SDKs/MacOSX10.15.sdk  -DDARWIN -DSIGPROCMASK_SETS_THREAD_MASK -DDARWIN_10 -L/usr/local/opt/sqlite/lib -L/usr/local/opt/readline/lib -L/usr/local/opt/openssl@1.1/lib -L/usr/local/lib -F/usr/local/Frameworks -Wl,-headerpad_max_install_names -isysroot/Library/Developer/CommandLineTools/SDKs/MacOSX10.15.sdk  -L/usr/local/opt/openssl@1.1/lib -L/usr/local/Cellar/subversion/1.14.0_6/libexec/serf/lib  conftest.c -lsasl2   >&5
configure:19208: $? = 0
configure:19217: result: yes
configure:19324: checking for availability of Cyrus SASL v2
configure:19328: result: yes
configure:19357: checking for Mach-O dynamic module iteration functions
configure:19384: /usr/bin/clang -o conftest -Werror=unknown-warning-option -Os -w -pipe -march=nehalem -mmacosx-version-min=10.15 -isysroot/Library/Developer/CommandLineTools/SDKs/MacOSX10.15.sdk  -g -O2 -I/usr/local/opt/sqlite/include -I/usr/local/opt/readline/include -I/usr/local/opt/openssl@1.1/include -I/usr/local/opt/openjdk/include -F/usr/local/Frameworks -isysroot/Library/Developer/CommandLineTools/SDKs/MacOSX10.15.sdk  -DDARWIN -DSIGPROCMASK_SETS_THREAD_MASK -DDARWIN_10 -L/usr/local/opt/sqlite/lib -L/usr/local/opt/readline/lib -L/usr/local/opt/openssl@1.1/lib -L/usr/local/lib -F/usr/local/Frameworks -Wl,-headerpad_max_install_names -isysroot/Library/Developer/CommandLineTools/SDKs/MacOSX10.15.sdk  -L/usr/local/opt/openssl@1.1/lib -L/usr/local/Cellar/subversion/1.14.0_6/libexec/serf/lib  conftest.c  >&5
configure:19384: $? = 0
configure:19384: ./conftest
configure:19384: $? = 0
configure:19389: result: yes
configure:19404: checking for Mac OS property list utilities
configure:19425: /usr/bin/clang -c -Werror=unknown-warning-option -Os -w -pipe -march=nehalem -mmacosx-version-min=10.15 -isysroot/Library/Developer/CommandLineTools/SDKs/MacOSX10.15.sdk  -g -O2 -I/usr/local/opt/sqlite/include -I/usr/local/opt/readline/include -I/usr/local/opt/openssl@1.1/include -I/usr/local/opt/openjdk/include -F/usr/local/Frameworks -isysroot/Library/Developer/CommandLineTools/SDKs/MacOSX10.15.sdk  -DDARWIN -DSIGPROCMASK_SETS_THREAD_MASK -DDARWIN_10 conftest.c >&5
configure:19425: $? = 0
configure:19432: result: yes
configure:19452: checking for Mac OS KeyChain Services
configure:19474: /usr/bin/clang -c -Werror=unknown-warning-option -Os -w -pipe -march=nehalem -mmacosx-version-min=10.15 -isysroot/Library/Developer/CommandLineTools/SDKs/MacOSX10.15.sdk  -g -O2 -I/usr/local/opt/sqlite/include -I/usr/local/opt/readline/include -I/usr/local/opt/openssl@1.1/include -I/usr/local/opt/openjdk/include -F/usr/local/Frameworks -isysroot/Library/Developer/CommandLineTools/SDKs/MacOSX10.15.sdk  -DDARWIN -DSIGPROCMASK_SETS_THREAD_MASK -DDARWIN_10 conftest.c >&5
configure:19474: $? = 0
configure:19481: result: yes
configure:19496: checking whether APR has support for DSOs
configure:19508: /usr/bin/clang -E -I/usr/local/opt/sqlite/include -I/usr/local/opt/readline/include -I/usr/local/opt/openssl@1.1/include -I/usr/local/opt/openjdk/include -F/usr/local/Frameworks -isysroot/Library/Developer/CommandLineTools/SDKs/MacOSX10.15.sdk  -DDARWIN -DSIGPROCMASK_SETS_THREAD_MASK -DDARWIN_10  -I/usr/local/opt/apr/libexec/include/apr-1  conftest.c
configure:19508: $? = 0
configure:19510: result: yes
configure:19523: checking for D-Bus .pc file
configure:19526: result: yes
configure:19531: checking D-Bus version
configure:19534: result: 1.12.20
configure:19543: checking for D-Bus
configure:19552: /usr/bin/clang -o conftest -Werror=unknown-warning-option -Os -w -pipe -march=nehalem -mmacosx-version-min=10.15 -isysroot/Library/Developer/CommandLineTools/SDKs/MacOSX10.15.sdk  -g -O2 -I/usr/local/opt/sqlite/include -I/usr/local/opt/readline/include -I/usr/local/opt/openssl@1.1/include -I/usr/local/opt/openjdk/include -F/usr/local/Frameworks -isysroot/Library/Developer/CommandLineTools/SDKs/MacOSX10.15.sdk  -DDARWIN -DSIGPROCMASK_SETS_THREAD_MASK -DDARWIN_10 -I/usr/local/Cellar/dbus/1.12.20/include/dbus-1.0 -I/usr/local/Cellar/dbus/1.12.20/lib/dbus-1.0/include -L/usr/local/opt/sqlite/lib -L/usr/local/opt/readline/lib -L/usr/local/opt/openssl@1.1/lib -L/usr/local/lib -F/usr/local/Frameworks -Wl,-headerpad_max_install_names -isysroot/Library/Developer/CommandLineTools/SDKs/MacOSX10.15.sdk  -L/usr/local/opt/openssl@1.1/lib -L/usr/local/Cellar/subversion/1.14.0_6/libexec/serf/lib  conftest.c  -L/usr/local/Cellar/dbus/1.12.20/lib -ldbus-1 >&5
configure:19552: $? = 0
configure:19560: result: yes
configure:19583: checking whether to support GPG-Agent
configure:19592: result: no
configure:19609: checking whether to look for old GNOME Keyring
configure:19693: result: no
configure:19710: checking whether to look for GNOME Keyring
configure:19716: result: yes
configure:19809: checking for msgfmt
configure:19827: found /usr/local/bin/msgfmt
configure:19840: result: /usr/local/bin/msgfmt
configure:19850: checking for msgmerge
configure:19868: found /usr/local/bin/msgmerge
configure:19881: result: /usr/local/bin/msgmerge
configure:19891: checking for xgettext
configure:19909: found /usr/local/bin/xgettext
configure:19922: result: /usr/local/bin/xgettext
configure:19931: checking for library containing bindtextdomain
configure:19962: /usr/bin/clang -o conftest -Werror=unknown-warning-option -Os -w -pipe -march=nehalem -mmacosx-version-min=10.15 -isysroot/Library/Developer/CommandLineTools/SDKs/MacOSX10.15.sdk  -g -O2 -I/usr/local/opt/sqlite/include -I/usr/local/opt/readline/include -I/usr/local/opt/openssl@1.1/include -I/usr/local/opt/openjdk/include -F/usr/local/Frameworks -isysroot/Library/Developer/CommandLineTools/SDKs/MacOSX10.15.sdk  -DDARWIN -DSIGPROCMASK_SETS_THREAD_MASK -DDARWIN_10 -L/usr/local/opt/sqlite/lib -L/usr/local/opt/readline/lib -L/usr/local/opt/openssl@1.1/lib -L/usr/local/lib -F/usr/local/Frameworks -Wl,-headerpad_max_install_names -isysroot/Library/Developer/CommandLineTools/SDKs/MacOSX10.15.sdk  -L/usr/local/opt/openssl@1.1/lib -L/usr/local/Cellar/subversion/1.14.0_6/libexec/serf/lib  conftest.c  >&5
Undefined symbols for architecture x86_64:
  "_bindtextdomain", referenced from:
      _main in conftest-661648.o
ld: symbol(s) not found for architecture x86_64
clang: error: linker command failed with exit code 1 (use -v to see invocation)
configure:19962: $? = 1
configure: failed program was:
| /* confdefs.h */
| #define PACKAGE_NAME "subversion"
| #define PACKAGE_TARNAME "subversion"
| #define PACKAGE_VERSION "1.14.0"
| #define PACKAGE_STRING "subversion 1.14.0"
| #define PACKAGE_BUGREPORT "http://subversion.apache.org/"
| #define PACKAGE_URL ""
| #define SVN_SOVERSION 0
| #define STDC_HEADERS 1
| #define HAVE_SYS_TYPES_H 1
| #define HAVE_SYS_STAT_H 1
| #define HAVE_STDLIB_H 1
| #define HAVE_STRING_H 1
| #define HAVE_MEMORY_H 1
| #define HAVE_STRINGS_H 1
| #define HAVE_INTTYPES_H 1
| #define HAVE_STDINT_H 1
| #define HAVE_UNISTD_H 1
| #define SVN_HAVE_SERF 1
| #define SVN_HAVE_MEMCACHE 1
| #define SVN_HAS_ATOMIC_BUILTINS 1
| #define SVN_BINDIR "/usr/local/Cellar/subversion/1.14.0_6/bin"
| #define SVN_LOCALE_DIR "/usr/local/Cellar/subversion/1.14.0_6/share/locale"
| #define HAVE_DLFCN_H 1
| #define LT_OBJDIR ".libs/"
| #define SVN_FS_WANT_DB_MAJOR 4
| #define SVN_FS_WANT_DB_MINOR 0
| #define SVN_FS_WANT_DB_PATCH 14
| #define SVN_HAVE_SASL 1
| #define SVN_HAVE_MACHO_ITERATE 1
| #define SVN_HAVE_MACOS_PLIST 1
| #define SVN_HAVE_KEYCHAIN_SERVICES 1
| /* end confdefs.h.  */
| 
| /* Override any GCC internal prototype to avoid an error.
|    Use char because int might match the return type of a GCC
|    builtin and then its argument prototype would still apply.  */
| #ifdef __cplusplus
| extern "C"
| #endif
| char bindtextdomain ();
| int
| main ()
| {
| return bindtextdomain ();
|   ;
|   return 0;
| }
configure:19962: /usr/bin/clang -o conftest -Werror=unknown-warning-option -Os -w -pipe -march=nehalem -mmacosx-version-min=10.15 -isysroot/Library/Developer/CommandLineTools/SDKs/MacOSX10.15.sdk  -g -O2 -I/usr/local/opt/sqlite/include -I/usr/local/opt/readline/include -I/usr/local/opt/openssl@1.1/include -I/usr/local/opt/openjdk/include -F/usr/local/Frameworks -isysroot/Library/Developer/CommandLineTools/SDKs/MacOSX10.15.sdk  -DDARWIN -DSIGPROCMASK_SETS_THREAD_MASK -DDARWIN_10 -L/usr/local/opt/sqlite/lib -L/usr/local/opt/readline/lib -L/usr/local/opt/openssl@1.1/lib -L/usr/local/lib -F/usr/local/Frameworks -Wl,-headerpad_max_install_names -isysroot/Library/Developer/CommandLineTools/SDKs/MacOSX10.15.sdk  -L/usr/local/opt/openssl@1.1/lib -L/usr/local/Cellar/subversion/1.14.0_6/libexec/serf/lib  conftest.c -lintl   >&5
configure:19962: $? = 0
configure:19979: result: -lintl
configure:20137: checking for bind_textdomain_codeset
configure:20137: /usr/bin/clang -o conftest -Werror=unknown-warning-option -Os -w -pipe -march=nehalem -mmacosx-version-min=10.15 -isysroot/Library/Developer/CommandLineTools/SDKs/MacOSX10.15.sdk  -g -O2 -I/usr/local/opt/sqlite/include -I/usr/local/opt/readline/include -I/usr/local/opt/openssl@1.1/include -I/usr/local/opt/openjdk/include -F/usr/local/Frameworks -isysroot/Library/Developer/CommandLineTools/SDKs/MacOSX10.15.sdk  -DDARWIN -DSIGPROCMASK_SETS_THREAD_MASK -DDARWIN_10 -L/usr/local/opt/sqlite/lib -L/usr/local/opt/readline/lib -L/usr/local/opt/openssl@1.1/lib -L/usr/local/lib -F/usr/local/Frameworks -Wl,-headerpad_max_install_names -isysroot/Library/Developer/CommandLineTools/SDKs/MacOSX10.15.sdk  -L/usr/local/opt/openssl@1.1/lib -L/usr/local/Cellar/subversion/1.14.0_6/libexec/serf/lib  conftest.c -lintl  >&5
configure:20137: $? = 0
configure:20137: result: yes
configure:20156: checking if we are using GNU gettext
configure:20162: result: yes
configure:20291: checking magic.h usability
configure:20291: /usr/bin/clang -c -Werror=unknown-warning-option -Os -w -pipe -march=nehalem -mmacosx-version-min=10.15 -isysroot/Library/Developer/CommandLineTools/SDKs/MacOSX10.15.sdk  -g -O2 -I/usr/local/opt/sqlite/include -I/usr/local/opt/readline/include -I/usr/local/opt/openssl@1.1/include -I/usr/local/opt/openjdk/include -F/usr/local/Frameworks -isysroot/Library/Developer/CommandLineTools/SDKs/MacOSX10.15.sdk  -DDARWIN -DSIGPROCMASK_SETS_THREAD_MASK -DDARWIN_10 conftest.c >&5
configure:20291: $? = 0
configure:20291: result: yes
configure:20291: checking magic.h presence
configure:20291: /usr/bin/clang -E -I/usr/local/opt/sqlite/include -I/usr/local/opt/readline/include -I/usr/local/opt/openssl@1.1/include -I/usr/local/opt/openjdk/include -F/usr/local/Frameworks -isysroot/Library/Developer/CommandLineTools/SDKs/MacOSX10.15.sdk  -DDARWIN -DSIGPROCMASK_SETS_THREAD_MASK -DDARWIN_10 conftest.c
configure:20291: $? = 0
configure:20291: result: yes
configure:20291: checking for magic.h
configure:20291: result: yes
configure:20294: checking for magic_open in -lmagic
configure:20319: /usr/bin/clang -o conftest -Werror=unknown-warning-option -Os -w -pipe -march=nehalem -mmacosx-version-min=10.15 -isysroot/Library/Developer/CommandLineTools/SDKs/MacOSX10.15.sdk  -g -O2 -I/usr/local/opt/sqlite/include -I/usr/local/opt/readline/include -I/usr/local/opt/openssl@1.1/include -I/usr/local/opt/openjdk/include -F/usr/local/Frameworks -isysroot/Library/Developer/CommandLineTools/SDKs/MacOSX10.15.sdk  -DDARWIN -DSIGPROCMASK_SETS_THREAD_MASK -DDARWIN_10 -L/usr/local/opt/sqlite/lib -L/usr/local/opt/readline/lib -L/usr/local/opt/openssl@1.1/lib -L/usr/local/lib -F/usr/local/Frameworks -Wl,-headerpad_max_install_names -isysroot/Library/Developer/CommandLineTools/SDKs/MacOSX10.15.sdk  -L/usr/local/opt/openssl@1.1/lib -L/usr/local/Cellar/subversion/1.14.0_6/libexec/serf/lib  conftest.c -lmagic  -lintl  >&5
configure:20319: $? = 0
configure:20328: result: yes
configure:20386: checking whether to look for KWallet
configure:20590: result: no
configure:20615: Disabling plaintext password/passphrase storage
configure:20666: checking for ANSI C header files
configure:20770: result: yes
configure:20780: checking for an ANSI C-conforming const
configure:20846: /usr/bin/clang -c -Werror=unknown-warning-option -Os -w -pipe -march=nehalem -mmacosx-version-min=10.15 -isysroot/Library/Developer/CommandLineTools/SDKs/MacOSX10.15.sdk  -g -O2 -I/usr/local/opt/sqlite/include -I/usr/local/opt/readline/include -I/usr/local/opt/openssl@1.1/include -I/usr/local/opt/openjdk/include -F/usr/local/Frameworks -isysroot/Library/Developer/CommandLineTools/SDKs/MacOSX10.15.sdk  -DDARWIN -DSIGPROCMASK_SETS_THREAD_MASK -DDARWIN_10 conftest.c >&5
configure:20846: $? = 0
configure:20853: result: yes
configure:20862: checking for size_t
configure:20862: /usr/bin/clang -c -Werror=unknown-warning-option -Os -w -pipe -march=nehalem -mmacosx-version-min=10.15 -isysroot/Library/Developer/CommandLineTools/SDKs/MacOSX10.15.sdk  -g -O2 -I/usr/local/opt/sqlite/include -I/usr/local/opt/readline/include -I/usr/local/opt/openssl@1.1/include -I/usr/local/opt/openjdk/include -F/usr/local/Frameworks -isysroot/Library/Developer/CommandLineTools/SDKs/MacOSX10.15.sdk  -DDARWIN -DSIGPROCMASK_SETS_THREAD_MASK -DDARWIN_10 conftest.c >&5
configure:20862: $? = 0
configure:20862: /usr/bin/clang -c -Werror=unknown-warning-option -Os -w -pipe -march=nehalem -mmacosx-version-min=10.15 -isysroot/Library/Developer/CommandLineTools/SDKs/MacOSX10.15.sdk  -g -O2 -I/usr/local/opt/sqlite/include -I/usr/local/opt/readline/include -I/usr/local/opt/openssl@1.1/include -I/usr/local/opt/openjdk/include -F/usr/local/Frameworks -isysroot/Library/Developer/CommandLineTools/SDKs/MacOSX10.15.sdk  -DDARWIN -DSIGPROCMASK_SETS_THREAD_MASK -DDARWIN_10 conftest.c >&5
conftest.c:75:21: error: expected expression
if (sizeof ((size_t)))
                    ^
1 error generated.
configure:20862: $? = 1
configure: failed program was:
| /* confdefs.h */
| #define PACKAGE_NAME "subversion"
| #define PACKAGE_TARNAME "subversion"
| #define PACKAGE_VERSION "1.14.0"
| #define PACKAGE_STRING "subversion 1.14.0"
| #define PACKAGE_BUGREPORT "http://subversion.apache.org/"
| #define PACKAGE_URL ""
| #define SVN_SOVERSION 0
| #define STDC_HEADERS 1
| #define HAVE_SYS_TYPES_H 1
| #define HAVE_SYS_STAT_H 1
| #define HAVE_STDLIB_H 1
| #define HAVE_STRING_H 1
| #define HAVE_MEMORY_H 1
| #define HAVE_STRINGS_H 1
| #define HAVE_INTTYPES_H 1
| #define HAVE_STDINT_H 1
| #define HAVE_UNISTD_H 1
| #define SVN_HAVE_SERF 1
| #define SVN_HAVE_MEMCACHE 1
| #define SVN_HAS_ATOMIC_BUILTINS 1
| #define SVN_BINDIR "/usr/local/Cellar/subversion/1.14.0_6/bin"
| #define SVN_LOCALE_DIR "/usr/local/Cellar/subversion/1.14.0_6/share/locale"
| #define HAVE_DLFCN_H 1
| #define LT_OBJDIR ".libs/"
| #define SVN_FS_WANT_DB_MAJOR 4
| #define SVN_FS_WANT_DB_MINOR 0
| #define SVN_FS_WANT_DB_PATCH 14
| #define SVN_HAVE_SASL 1
| #define SVN_HAVE_MACHO_ITERATE 1
| #define SVN_HAVE_MACOS_PLIST 1
| #define SVN_HAVE_KEYCHAIN_SERVICES 1
| #define ENABLE_NLS 1
| #define HAVE_BIND_TEXTDOMAIN_CODESET 1
| #define SVN_HAVE_LIBMAGIC 1
| #define SVN_DISABLE_PLAINTEXT_PASSWORD_STORAGE 1
| #define STDC_HEADERS 1
| /* end confdefs.h.  */
| #include <stdio.h>
| #ifdef HAVE_SYS_TYPES_H
| # include <sys/types.h>
| #endif
| #ifdef HAVE_SYS_STAT_H
| # include <sys/stat.h>
| #endif
| #ifdef STDC_HEADERS
| # include <stdlib.h>
| # include <stddef.h>
| #else
| # ifdef HAVE_STDLIB_H
| #  include <stdlib.h>
| # endif
| #endif
| #ifdef HAVE_STRING_H
| # if !defined STDC_HEADERS && defined HAVE_MEMORY_H
| #  include <memory.h>
| # endif
| # include <string.h>
| #endif
| #ifdef HAVE_STRINGS_H
| # include <strings.h>
| #endif
| #ifdef HAVE_INTTYPES_H
| # include <inttypes.h>
| #endif
| #ifdef HAVE_STDINT_H
| # include <stdint.h>
| #endif
| #ifdef HAVE_UNISTD_H
| # include <unistd.h>
| #endif
| int
| main ()
| {
| if (sizeof ((size_t)))
| 	    return 0;
|   ;
|   return 0;
| }
configure:20862: result: yes
configure:20876: checking for working memcmp
configure:20919: /usr/bin/clang -o conftest -Werror=unknown-warning-option -Os -w -pipe -march=nehalem -mmacosx-version-min=10.15 -isysroot/Library/Developer/CommandLineTools/SDKs/MacOSX10.15.sdk  -g -O2 -I/usr/local/opt/sqlite/include -I/usr/local/opt/readline/include -I/usr/local/opt/openssl@1.1/include -I/usr/local/opt/openjdk/include -F/usr/local/Frameworks -isysroot/Library/Developer/CommandLineTools/SDKs/MacOSX10.15.sdk  -DDARWIN -DSIGPROCMASK_SETS_THREAD_MASK -DDARWIN_10 -L/usr/local/opt/sqlite/lib -L/usr/local/opt/readline/lib -L/usr/local/opt/openssl@1.1/lib -L/usr/local/lib -F/usr/local/Frameworks -Wl,-headerpad_max_install_names -isysroot/Library/Developer/CommandLineTools/SDKs/MacOSX10.15.sdk  -L/usr/local/opt/openssl@1.1/lib -L/usr/local/Cellar/subversion/1.14.0_6/libexec/serf/lib  conftest.c -lintl  >&5
configure:20919: $? = 0
configure:20919: ./conftest
configure:20919: $? = 0
configure:20929: result: yes
configure:20941: checking for vprintf
configure:20941: /usr/bin/clang -o conftest -Werror=unknown-warning-option -Os -w -pipe -march=nehalem -mmacosx-version-min=10.15 -isysroot/Library/Developer/CommandLineTools/SDKs/MacOSX10.15.sdk  -g -O2 -I/usr/local/opt/sqlite/include -I/usr/local/opt/readline/include -I/usr/local/opt/openssl@1.1/include -I/usr/local/opt/openjdk/include -F/usr/local/Frameworks -isysroot/Library/Developer/CommandLineTools/SDKs/MacOSX10.15.sdk  -DDARWIN -DSIGPROCMASK_SETS_THREAD_MASK -DDARWIN_10 -L/usr/local/opt/sqlite/lib -L/usr/local/opt/readline/lib -L/usr/local/opt/openssl@1.1/lib -L/usr/local/lib -F/usr/local/Frameworks -Wl,-headerpad_max_install_names -isysroot/Library/Developer/CommandLineTools/SDKs/MacOSX10.15.sdk  -L/usr/local/opt/openssl@1.1/lib -L/usr/local/Cellar/subversion/1.14.0_6/libexec/serf/lib  conftest.c -lintl  >&5
configure:20941: $? = 0
configure:20941: result: yes
configure:20947: checking for _doprnt
configure:20947: /usr/bin/clang -o conftest -Werror=unknown-warning-option -Os -w -pipe -march=nehalem -mmacosx-version-min=10.15 -isysroot/Library/Developer/CommandLineTools/SDKs/MacOSX10.15.sdk  -g -O2 -I/usr/local/opt/sqlite/include -I/usr/local/opt/readline/include -I/usr/local/opt/openssl@1.1/include -I/usr/local/opt/openjdk/include -F/usr/local/Frameworks -isysroot/Library/Developer/CommandLineTools/SDKs/MacOSX10.15.sdk  -DDARWIN -DSIGPROCMASK_SETS_THREAD_MASK -DDARWIN_10 -L/usr/local/opt/sqlite/lib -L/usr/local/opt/readline/lib -L/usr/local/opt/openssl@1.1/lib -L/usr/local/lib -F/usr/local/Frameworks -Wl,-headerpad_max_install_names -isysroot/Library/Developer/CommandLineTools/SDKs/MacOSX10.15.sdk  -L/usr/local/opt/openssl@1.1/lib -L/usr/local/Cellar/subversion/1.14.0_6/libexec/serf/lib  conftest.c -lintl  >&5
Undefined symbols for architecture x86_64:
  "__doprnt", referenced from:
      _main in conftest-2c444e.o
ld: symbol(s) not found for architecture x86_64
clang: error: linker command failed with exit code 1 (use -v to see invocation)
configure:20947: $? = 1
configure: failed program was:
| /* confdefs.h */
| #define PACKAGE_NAME "subversion"
| #define PACKAGE_TARNAME "subversion"
| #define PACKAGE_VERSION "1.14.0"
| #define PACKAGE_STRING "subversion 1.14.0"
| #define PACKAGE_BUGREPORT "http://subversion.apache.org/"
| #define PACKAGE_URL ""
| #define SVN_SOVERSION 0
| #define STDC_HEADERS 1
| #define HAVE_SYS_TYPES_H 1
| #define HAVE_SYS_STAT_H 1
| #define HAVE_STDLIB_H 1
| #define HAVE_STRING_H 1
| #define HAVE_MEMORY_H 1
| #define HAVE_STRINGS_H 1
| #define HAVE_INTTYPES_H 1
| #define HAVE_STDINT_H 1
| #define HAVE_UNISTD_H 1
| #define SVN_HAVE_SERF 1
| #define SVN_HAVE_MEMCACHE 1
| #define SVN_HAS_ATOMIC_BUILTINS 1
| #define SVN_BINDIR "/usr/local/Cellar/subversion/1.14.0_6/bin"
| #define SVN_LOCALE_DIR "/usr/local/Cellar/subversion/1.14.0_6/share/locale"
| #define HAVE_DLFCN_H 1
| #define LT_OBJDIR ".libs/"
| #define SVN_FS_WANT_DB_MAJOR 4
| #define SVN_FS_WANT_DB_MINOR 0
| #define SVN_FS_WANT_DB_PATCH 14
| #define SVN_HAVE_SASL 1
| #define SVN_HAVE_MACHO_ITERATE 1
| #define SVN_HAVE_MACOS_PLIST 1
| #define SVN_HAVE_KEYCHAIN_SERVICES 1
| #define ENABLE_NLS 1
| #define HAVE_BIND_TEXTDOMAIN_CODESET 1
| #define SVN_HAVE_LIBMAGIC 1
| #define SVN_DISABLE_PLAINTEXT_PASSWORD_STORAGE 1
| #define STDC_HEADERS 1
| #define HAVE_VPRINTF 1
| /* end confdefs.h.  */
| /* Define _doprnt to an innocuous variant, in case <limits.h> declares _doprnt.
|    For example, HP-UX 11i <limits.h> declares gettimeofday.  */
| #define _doprnt innocuous__doprnt
| 
| /* System header to define __stub macros and hopefully few prototypes,
|     which can conflict with char _doprnt (); below.
|     Prefer <limits.h> to <assert.h> if __STDC__ is defined, since
|     <limits.h> exists even on freestanding compilers.  */
| 
| #ifdef __STDC__
| # include <limits.h>
| #else
| # include <assert.h>
| #endif
| 
| #undef _doprnt
| 
| /* Override any GCC internal prototype to avoid an error.
|    Use char because int might match the return type of a GCC
|    builtin and then its argument prototype would still apply.  */
| #ifdef __cplusplus
| extern "C"
| #endif
| char _doprnt ();
| /* The GNU C library defines this for functions which it implements
|     to always fail with ENOSYS.  Some functions are actually named
|     something starting with __ and the normal name is an alias.  */
| #if defined __stub__doprnt || defined __stub____doprnt
| choke me
| #endif
| 
| int
| main ()
| {
| return _doprnt ();
|   ;
|   return 0;
| }
configure:20947: result: no
configure:20962: checking for symlink
configure:20962: /usr/bin/clang -o conftest -Werror=unknown-warning-option -Os -w -pipe -march=nehalem -mmacosx-version-min=10.15 -isysroot/Library/Developer/CommandLineTools/SDKs/MacOSX10.15.sdk  -g -O2 -I/usr/local/opt/sqlite/include -I/usr/local/opt/readline/include -I/usr/local/opt/openssl@1.1/include -I/usr/local/opt/openjdk/include -F/usr/local/Frameworks -isysroot/Library/Developer/CommandLineTools/SDKs/MacOSX10.15.sdk  -DDARWIN -DSIGPROCMASK_SETS_THREAD_MASK -DDARWIN_10 -L/usr/local/opt/sqlite/lib -L/usr/local/opt/readline/lib -L/usr/local/opt/openssl@1.1/lib -L/usr/local/lib -F/usr/local/Frameworks -Wl,-headerpad_max_install_names -isysroot/Library/Developer/CommandLineTools/SDKs/MacOSX10.15.sdk  -L/usr/local/opt/openssl@1.1/lib -L/usr/local/Cellar/subversion/1.14.0_6/libexec/serf/lib  conftest.c -lintl  >&5
configure:20962: $? = 0
configure:20962: result: yes
configure:20962: checking for readlink
configure:20962: /usr/bin/clang -o conftest -Werror=unknown-warning-option -Os -w -pipe -march=nehalem -mmacosx-version-min=10.15 -isysroot/Library/Developer/CommandLineTools/SDKs/MacOSX10.15.sdk  -g -O2 -I/usr/local/opt/sqlite/include -I/usr/local/opt/readline/include -I/usr/local/opt/openssl@1.1/include -I/usr/local/opt/openjdk/include -F/usr/local/Frameworks -isysroot/Library/Developer/CommandLineTools/SDKs/MacOSX10.15.sdk  -DDARWIN -DSIGPROCMASK_SETS_THREAD_MASK -DDARWIN_10 -L/usr/local/opt/sqlite/lib -L/usr/local/opt/readline/lib -L/usr/local/opt/openssl@1.1/lib -L/usr/local/lib -F/usr/local/Frameworks -Wl,-headerpad_max_install_names -isysroot/Library/Developer/CommandLineTools/SDKs/MacOSX10.15.sdk  -L/usr/local/opt/openssl@1.1/lib -L/usr/local/Cellar/subversion/1.14.0_6/libexec/serf/lib  conftest.c -lintl  >&5
configure:20962: $? = 0
configure:20962: result: yes
configure:20974: checking sys/utsname.h usability
configure:20974: /usr/bin/clang -c -Werror=unknown-warning-option -Os -w -pipe -march=nehalem -mmacosx-version-min=10.15 -isysroot/Library/Developer/CommandLineTools/SDKs/MacOSX10.15.sdk  -g -O2 -I/usr/local/opt/sqlite/include -I/usr/local/opt/readline/include -I/usr/local/opt/openssl@1.1/include -I/usr/local/opt/openjdk/include -F/usr/local/Frameworks -isysroot/Library/Developer/CommandLineTools/SDKs/MacOSX10.15.sdk  -DDARWIN -DSIGPROCMASK_SETS_THREAD_MASK -DDARWIN_10 conftest.c >&5
configure:20974: $? = 0
configure:20974: result: yes
configure:20974: checking sys/utsname.h presence
configure:20974: /usr/bin/clang -E -I/usr/local/opt/sqlite/include -I/usr/local/opt/readline/include -I/usr/local/opt/openssl@1.1/include -I/usr/local/opt/openjdk/include -F/usr/local/Frameworks -isysroot/Library/Developer/CommandLineTools/SDKs/MacOSX10.15.sdk  -DDARWIN -DSIGPROCMASK_SETS_THREAD_MASK -DDARWIN_10 conftest.c
configure:20974: $? = 0
configure:20974: result: yes
configure:20974: checking for sys/utsname.h
configure:20974: result: yes
configure:20981: checking for uname
configure:20981: /usr/bin/clang -o conftest -Werror=unknown-warning-option -Os -w -pipe -march=nehalem -mmacosx-version-min=10.15 -isysroot/Library/Developer/CommandLineTools/SDKs/MacOSX10.15.sdk  -g -O2 -I/usr/local/opt/sqlite/include -I/usr/local/opt/readline/include -I/usr/local/opt/openssl@1.1/include -I/usr/local/opt/openjdk/include -F/usr/local/Frameworks -isysroot/Library/Developer/CommandLineTools/SDKs/MacOSX10.15.sdk  -DDARWIN -DSIGPROCMASK_SETS_THREAD_MASK -DDARWIN_10 -L/usr/local/opt/sqlite/lib -L/usr/local/opt/readline/lib -L/usr/local/opt/openssl@1.1/lib -L/usr/local/lib -F/usr/local/Frameworks -Wl,-headerpad_max_install_names -isysroot/Library/Developer/CommandLineTools/SDKs/MacOSX10.15.sdk  -L/usr/local/opt/openssl@1.1/lib -L/usr/local/Cellar/subversion/1.14.0_6/libexec/serf/lib  conftest.c -lintl  >&5
configure:20981: $? = 0
configure:20981: result: yes
configure:20996: checking elf.h usability
configure:20996: /usr/bin/clang -c -Werror=unknown-warning-option -Os -w -pipe -march=nehalem -mmacosx-version-min=10.15 -isysroot/Library/Developer/CommandLineTools/SDKs/MacOSX10.15.sdk  -g -O2 -I/usr/local/opt/sqlite/include -I/usr/local/opt/readline/include -I/usr/local/opt/openssl@1.1/include -I/usr/local/opt/openjdk/include -F/usr/local/Frameworks -isysroot/Library/Developer/CommandLineTools/SDKs/MacOSX10.15.sdk  -DDARWIN -DSIGPROCMASK_SETS_THREAD_MASK -DDARWIN_10 conftest.c >&5
conftest.c:77:10: fatal error: 'elf.h' file not found
#include <elf.h>
         ^~~~~~~
1 error generated.
configure:20996: $? = 1
configure: failed program was:
| /* confdefs.h */
| #define PACKAGE_NAME "subversion"
| #define PACKAGE_TARNAME "subversion"
| #define PACKAGE_VERSION "1.14.0"
| #define PACKAGE_STRING "subversion 1.14.0"
| #define PACKAGE_BUGREPORT "http://subversion.apache.org/"
| #define PACKAGE_URL ""
| #define SVN_SOVERSION 0
| #define STDC_HEADERS 1
| #define HAVE_SYS_TYPES_H 1
| #define HAVE_SYS_STAT_H 1
| #define HAVE_STDLIB_H 1
| #define HAVE_STRING_H 1
| #define HAVE_MEMORY_H 1
| #define HAVE_STRINGS_H 1
| #define HAVE_INTTYPES_H 1
| #define HAVE_STDINT_H 1
| #define HAVE_UNISTD_H 1
| #define SVN_HAVE_SERF 1
| #define SVN_HAVE_MEMCACHE 1
| #define SVN_HAS_ATOMIC_BUILTINS 1
| #define SVN_BINDIR "/usr/local/Cellar/subversion/1.14.0_6/bin"
| #define SVN_LOCALE_DIR "/usr/local/Cellar/subversion/1.14.0_6/share/locale"
| #define HAVE_DLFCN_H 1
| #define LT_OBJDIR ".libs/"
| #define SVN_FS_WANT_DB_MAJOR 4
| #define SVN_FS_WANT_DB_MINOR 0
| #define SVN_FS_WANT_DB_PATCH 14
| #define SVN_HAVE_SASL 1
| #define SVN_HAVE_MACHO_ITERATE 1
| #define SVN_HAVE_MACOS_PLIST 1
| #define SVN_HAVE_KEYCHAIN_SERVICES 1
| #define ENABLE_NLS 1
| #define HAVE_BIND_TEXTDOMAIN_CODESET 1
| #define SVN_HAVE_LIBMAGIC 1
| #define SVN_DISABLE_PLAINTEXT_PASSWORD_STORAGE 1
| #define STDC_HEADERS 1
| #define HAVE_VPRINTF 1
| #define HAVE_SYMLINK 1
| #define HAVE_READLINK 1
| #define HAVE_SYS_UTSNAME_H 1
| #define HAVE_UNAME 1
| /* end confdefs.h.  */
| #include <stdio.h>
| #ifdef HAVE_SYS_TYPES_H
| # include <sys/types.h>
| #endif
| #ifdef HAVE_SYS_STAT_H
| # include <sys/stat.h>
| #endif
| #ifdef STDC_HEADERS
| # include <stdlib.h>
| # include <stddef.h>
| #else
| # ifdef HAVE_STDLIB_H
| #  include <stdlib.h>
| # endif
| #endif
| #ifdef HAVE_STRING_H
| # if !defined STDC_HEADERS && defined HAVE_MEMORY_H
| #  include <memory.h>
| # endif
| # include <string.h>
| #endif
| #ifdef HAVE_STRINGS_H
| # include <strings.h>
| #endif
| #ifdef HAVE_INTTYPES_H
| # include <inttypes.h>
| #endif
| #ifdef HAVE_STDINT_H
| # include <stdint.h>
| #endif
| #ifdef HAVE_UNISTD_H
| # include <unistd.h>
| #endif
| #include <elf.h>
configure:20996: result: no
configure:20996: checking elf.h presence
configure:20996: /usr/bin/clang -E -I/usr/local/opt/sqlite/include -I/usr/local/opt/readline/include -I/usr/local/opt/openssl@1.1/include -I/usr/local/opt/openjdk/include -F/usr/local/Frameworks -isysroot/Library/Developer/CommandLineTools/SDKs/MacOSX10.15.sdk  -DDARWIN -DSIGPROCMASK_SETS_THREAD_MASK -DDARWIN_10 conftest.c
conftest.c:44:10: fatal error: 'elf.h' file not found
#include <elf.h>
         ^~~~~~~
1 error generated.
configure:20996: $? = 1
configure: failed program was:
| /* confdefs.h */
| #define PACKAGE_NAME "subversion"
| #define PACKAGE_TARNAME "subversion"
| #define PACKAGE_VERSION "1.14.0"
| #define PACKAGE_STRING "subversion 1.14.0"
| #define PACKAGE_BUGREPORT "http://subversion.apache.org/"
| #define PACKAGE_URL ""
| #define SVN_SOVERSION 0
| #define STDC_HEADERS 1
| #define HAVE_SYS_TYPES_H 1
| #define HAVE_SYS_STAT_H 1
| #define HAVE_STDLIB_H 1
| #define HAVE_STRING_H 1
| #define HAVE_MEMORY_H 1
| #define HAVE_STRINGS_H 1
| #define HAVE_INTTYPES_H 1
| #define HAVE_STDINT_H 1
| #define HAVE_UNISTD_H 1
| #define SVN_HAVE_SERF 1
| #define SVN_HAVE_MEMCACHE 1
| #define SVN_HAS_ATOMIC_BUILTINS 1
| #define SVN_BINDIR "/usr/local/Cellar/subversion/1.14.0_6/bin"
| #define SVN_LOCALE_DIR "/usr/local/Cellar/subversion/1.14.0_6/share/locale"
| #define HAVE_DLFCN_H 1
| #define LT_OBJDIR ".libs/"
| #define SVN_FS_WANT_DB_MAJOR 4
| #define SVN_FS_WANT_DB_MINOR 0
| #define SVN_FS_WANT_DB_PATCH 14
| #define SVN_HAVE_SASL 1
| #define SVN_HAVE_MACHO_ITERATE 1
| #define SVN_HAVE_MACOS_PLIST 1
| #define SVN_HAVE_KEYCHAIN_SERVICES 1
| #define ENABLE_NLS 1
| #define HAVE_BIND_TEXTDOMAIN_CODESET 1
| #define SVN_HAVE_LIBMAGIC 1
| #define SVN_DISABLE_PLAINTEXT_PASSWORD_STORAGE 1
| #define STDC_HEADERS 1
| #define HAVE_VPRINTF 1
| #define HAVE_SYMLINK 1
| #define HAVE_READLINK 1
| #define HAVE_SYS_UTSNAME_H 1
| #define HAVE_UNAME 1
| /* end confdefs.h.  */
| #include <elf.h>
configure:20996: result: no
configure:20996: checking for elf.h
configure:20996: result: no
configure:21007: checking termios.h usability
configure:21007: /usr/bin/clang -c -Werror=unknown-warning-option -Os -w -pipe -march=nehalem -mmacosx-version-min=10.15 -isysroot/Library/Developer/CommandLineTools/SDKs/MacOSX10.15.sdk  -g -O2 -I/usr/local/opt/sqlite/include -I/usr/local/opt/readline/include -I/usr/local/opt/openssl@1.1/include -I/usr/local/opt/openjdk/include -F/usr/local/Frameworks -isysroot/Library/Developer/CommandLineTools/SDKs/MacOSX10.15.sdk  -DDARWIN -DSIGPROCMASK_SETS_THREAD_MASK -DDARWIN_10 conftest.c >&5
configure:21007: $? = 0
configure:21007: result: yes
configure:21007: checking termios.h presence
configure:21007: /usr/bin/clang -E -I/usr/local/opt/sqlite/include -I/usr/local/opt/readline/include -I/usr/local/opt/openssl@1.1/include -I/usr/local/opt/openjdk/include -F/usr/local/Frameworks -isysroot/Library/Developer/CommandLineTools/SDKs/MacOSX10.15.sdk  -DDARWIN -DSIGPROCMASK_SETS_THREAD_MASK -DDARWIN_10 conftest.c
configure:21007: $? = 0
configure:21007: result: yes
configure:21007: checking for termios.h
configure:21007: result: yes
configure:21013: checking for tcgetattr
configure:21013: /usr/bin/clang -o conftest -Werror=unknown-warning-option -Os -w -pipe -march=nehalem -mmacosx-version-min=10.15 -isysroot/Library/Developer/CommandLineTools/SDKs/MacOSX10.15.sdk  -g -O2 -I/usr/local/opt/sqlite/include -I/usr/local/opt/readline/include -I/usr/local/opt/openssl@1.1/include -I/usr/local/opt/openjdk/include -F/usr/local/Frameworks -isysroot/Library/Developer/CommandLineTools/SDKs/MacOSX10.15.sdk  -DDARWIN -DSIGPROCMASK_SETS_THREAD_MASK -DDARWIN_10 -L/usr/local/opt/sqlite/lib -L/usr/local/opt/readline/lib -L/usr/local/opt/openssl@1.1/lib -L/usr/local/lib -F/usr/local/Frameworks -Wl,-headerpad_max_install_names -isysroot/Library/Developer/CommandLineTools/SDKs/MacOSX10.15.sdk  -L/usr/local/opt/openssl@1.1/lib -L/usr/local/Cellar/subversion/1.14.0_6/libexec/serf/lib  conftest.c -lintl  >&5
configure:21013: $? = 0
configure:21013: result: yes
configure:21013: checking for tcsetattr
configure:21013: /usr/bin/clang -o conftest -Werror=unknown-warning-option -Os -w -pipe -march=nehalem -mmacosx-version-min=10.15 -isysroot/Library/Developer/CommandLineTools/SDKs/MacOSX10.15.sdk  -g -O2 -I/usr/local/opt/sqlite/include -I/usr/local/opt/readline/include -I/usr/local/opt/openssl@1.1/include -I/usr/local/opt/openjdk/include -F/usr/local/Frameworks -isysroot/Library/Developer/CommandLineTools/SDKs/MacOSX10.15.sdk  -DDARWIN -DSIGPROCMASK_SETS_THREAD_MASK -DDARWIN_10 -L/usr/local/opt/sqlite/lib -L/usr/local/opt/readline/lib -L/usr/local/opt/openssl@1.1/lib -L/usr/local/lib -F/usr/local/Frameworks -Wl,-headerpad_max_install_names -isysroot/Library/Developer/CommandLineTools/SDKs/MacOSX10.15.sdk  -L/usr/local/opt/openssl@1.1/lib -L/usr/local/Cellar/subversion/1.14.0_6/libexec/serf/lib  conftest.c -lintl  >&5
configure:21013: $? = 0
configure:21013: result: yes
configure:22096: Disabling debugging
configure:22668: C compiler flags: -Werror=unknown-warning-option -Os -w -pipe -march=nehalem -mmacosx-version-min=10.15 -isysroot/Library/Developer/CommandLineTools/SDKs/MacOSX10.15.sdk -O2  -DNDEBUG
configure:22670:   language-level: -std=c90 
configure:22672:     user-defined: -Os -w -pipe -march=nehalem -mmacosx-version-min=10.15 -isysroot/Library/Developer/CommandLineTools/SDKs/MacOSX10.15.sdk
configure:22674:  maintainer-mode: 
configure:22676: C++ compiler flags: -Werror=unknown-warning-option -Os -w -pipe -march=nehalem -mmacosx-version-min=10.15 -isysroot/Library/Developer/CommandLineTools/SDKs/MacOSX10.15.sdk  -DNDEBUG
configure:22678:     language-level: -std=c++11 
configure:22680:       user-defined: -Os -w -pipe -march=nehalem -mmacosx-version-min=10.15 -isysroot/Library/Developer/CommandLineTools/SDKs/MacOSX10.15.sdk
configure:22682:    maintainer-mode: 
configure:22745: zlib library configuration via prefix
configure:22751: checking zlib.h usability
configure:22751: /usr/bin/clang -c -Werror=unknown-warning-option -Os -w -pipe -march=nehalem -mmacosx-version-min=10.15 -isysroot/Library/Developer/CommandLineTools/SDKs/MacOSX10.15.sdk -O2  -DNDEBUG -I/usr/local/opt/sqlite/include -I/usr/local/opt/readline/include -I/usr/local/opt/openssl@1.1/include -I/usr/local/opt/openjdk/include -F/usr/local/Frameworks -isysroot/Library/Developer/CommandLineTools/SDKs/MacOSX10.15.sdk  -DDARWIN -DSIGPROCMASK_SETS_THREAD_MASK -DDARWIN_10 -I/Library/Developer/CommandLineTools/SDKs/MacOSX10.15.sdk/usr/include conftest.c >&5
configure:22751: $? = 0
configure:22751: result: yes
configure:22751: checking zlib.h presence
configure:22751: /usr/bin/clang -E -I/usr/local/opt/sqlite/include -I/usr/local/opt/readline/include -I/usr/local/opt/openssl@1.1/include -I/usr/local/opt/openjdk/include -F/usr/local/Frameworks -isysroot/Library/Developer/CommandLineTools/SDKs/MacOSX10.15.sdk  -DDARWIN -DSIGPROCMASK_SETS_THREAD_MASK -DDARWIN_10 -I/Library/Developer/CommandLineTools/SDKs/MacOSX10.15.sdk/usr/include conftest.c
configure:22751: $? = 0
configure:22751: result: yes
configure:22751: checking for zlib.h
configure:22751: result: yes
configure:22759: checking for inflate in -lz
configure:22784: /usr/bin/clang -o conftest -Werror=unknown-warning-option -Os -w -pipe -march=nehalem -mmacosx-version-min=10.15 -isysroot/Library/Developer/CommandLineTools/SDKs/MacOSX10.15.sdk -O2  -DNDEBUG -I/usr/local/opt/sqlite/include -I/usr/local/opt/readline/include -I/usr/local/opt/openssl@1.1/include -I/usr/local/opt/openjdk/include -F/usr/local/Frameworks -isysroot/Library/Developer/CommandLineTools/SDKs/MacOSX10.15.sdk  -DDARWIN -DSIGPROCMASK_SETS_THREAD_MASK -DDARWIN_10 -I/Library/Developer/CommandLineTools/SDKs/MacOSX10.15.sdk/usr/include -L/usr/local/opt/sqlite/lib -L/usr/local/opt/readline/lib -L/usr/local/opt/openssl@1.1/lib -L/usr/local/lib -F/usr/local/Frameworks -Wl,-headerpad_max_install_names -isysroot/Library/Developer/CommandLineTools/SDKs/MacOSX10.15.sdk  -L/usr/local/opt/openssl@1.1/lib -L/usr/local/Cellar/subversion/1.14.0_6/libexec/serf/lib  -L/Library/Developer/CommandLineTools/SDKs/MacOSX10.15.sdk/usr/lib conftest.c -lz  -lintl  >&5
configure:22784: $? = 0
configure:22793: result: yes
configure:22964: checking for lz4 library via pkg-config
configure:22967: result: yes
configure:23158: utf8proc configuration without pkg-config
configure:23160: checking for utf8proc_version in -lutf8proc
configure:23185: /usr/bin/clang -o conftest -Werror=unknown-warning-option -Os -w -pipe -march=nehalem -mmacosx-version-min=10.15 -isysroot/Library/Developer/CommandLineTools/SDKs/MacOSX10.15.sdk -O2  -DNDEBUG -I/usr/local/opt/sqlite/include -I/usr/local/opt/readline/include -I/usr/local/opt/openssl@1.1/include -I/usr/local/opt/openjdk/include -F/usr/local/Frameworks -isysroot/Library/Developer/CommandLineTools/SDKs/MacOSX10.15.sdk  -DDARWIN -DSIGPROCMASK_SETS_THREAD_MASK -DDARWIN_10 -L/usr/local/opt/sqlite/lib -L/usr/local/opt/readline/lib -L/usr/local/opt/openssl@1.1/lib -L/usr/local/lib -F/usr/local/Frameworks -Wl,-headerpad_max_install_names -isysroot/Library/Developer/CommandLineTools/SDKs/MacOSX10.15.sdk  -L/usr/local/opt/openssl@1.1/lib -L/usr/local/Cellar/subversion/1.14.0_6/libexec/serf/lib  conftest.c -lutf8proc  -lintl  >&5
configure:23185: $? = 0
configure:23194: result: yes
configure:23296: Disabling apache module activation
configure:23382: checking for /usr/local/opt/python@3.9/bin/python3
configure:23412: result: /usr/local/opt/python@3.9/bin/python3
configure:23592: checking for JDK
configure:23652: result: /usr/local/opt/openjdk/include/jni.h
configure:23867: checking for perl
configure:23885: found /usr/local/bin/perl
configure:23898: result: /usr/local/bin/perl
configure:23910: checking for /usr/bin/ruby
configure:23941: result: /usr/bin/ruby
configure:23998: checking rb_hash_foreach
configure:24001: result: yes
configure:24050: checking for rdoc
configure:24068: found /Users/rew/.rvm/rubies/ruby-2.6.5/bin/rdoc
configure:24080: result: /Users/rew/.rvm/rubies/ruby-2.6.5/bin/rdoc
configure:24093: checking for Ruby major version
configure:24102: result: 2
configure:24106: checking for Ruby minor version
configure:24115: result: 6
configure:24119: checking for Ruby teeny version
configure:24128: result: 3
configure:25490: checking swig version
configure:25506: result: 4.0.2
configure:25526: Configuring python swig binding
configure:25529: checking for Python includes
configure:25538: result: -I/usr/local/Cellar/python@3.9/3.9.1_4/Frameworks/Python.framework/Versions/3.9/include/python3.9
configure:25552: checking Python.h usability
configure:25552: /usr/bin/clang -c -Werror=unknown-warning-option -Os -w -pipe -march=nehalem -mmacosx-version-min=10.15 -isysroot/Library/Developer/CommandLineTools/SDKs/MacOSX10.15.sdk -O2  -DNDEBUG -I/usr/local/opt/sqlite/include -I/usr/local/opt/readline/include -I/usr/local/opt/openssl@1.1/include -I/usr/local/opt/openjdk/include -F/usr/local/Frameworks -isysroot/Library/Developer/CommandLineTools/SDKs/MacOSX10.15.sdk  -DDARWIN -DSIGPROCMASK_SETS_THREAD_MASK -DDARWIN_10 -I/usr/local/Cellar/python@3.9/3.9.1_4/Frameworks/Python.framework/Versions/3.9/include/python3.9 conftest.c >&5
configure:25552: $? = 0
configure:25552: result: yes
configure:25552: checking Python.h presence
configure:25552: /usr/bin/clang -E -I/usr/local/opt/sqlite/include -I/usr/local/opt/readline/include -I/usr/local/opt/openssl@1.1/include -I/usr/local/opt/openjdk/include -F/usr/local/Frameworks -isysroot/Library/Developer/CommandLineTools/SDKs/MacOSX10.15.sdk  -DDARWIN -DSIGPROCMASK_SETS_THREAD_MASK -DDARWIN_10 -I/usr/local/Cellar/python@3.9/3.9.1_4/Frameworks/Python.framework/Versions/3.9/include/python3.9 conftest.c
configure:25552: $? = 0
configure:25552: result: yes
configure:25552: checking for Python.h
configure:25552: result: yes
configure:25592: py3c library configuration via prefix /private/tmp/subversion-20210202-13421-1gu5eva/subversion-1.14.0/py3c
configure:25604: checking py3c.h usability
configure:25604: /usr/bin/clang -c -Werror=unknown-warning-option -Os -w -pipe -march=nehalem -mmacosx-version-min=10.15 -isysroot/Library/Developer/CommandLineTools/SDKs/MacOSX10.15.sdk -O2  -DNDEBUG -I/usr/local/opt/sqlite/include -I/usr/local/opt/readline/include -I/usr/local/opt/openssl@1.1/include -I/usr/local/opt/openjdk/include -F/usr/local/Frameworks -isysroot/Library/Developer/CommandLineTools/SDKs/MacOSX10.15.sdk  -DDARWIN -DSIGPROCMASK_SETS_THREAD_MASK -DDARWIN_10 -I/usr/local/Cellar/python@3.9/3.9.1_4/Frameworks/Python.framework/Versions/3.9/include/python3.9 -I/private/tmp/subversion-20210202-13421-1gu5eva/subversion-1.14.0/py3c/include conftest.c >&5
configure:25604: $? = 0
configure:25604: result: yes
configure:25604: checking py3c.h presence
configure:25604: /usr/bin/clang -E -I/usr/local/opt/sqlite/include -I/usr/local/opt/readline/include -I/usr/local/opt/openssl@1.1/include -I/usr/local/opt/openjdk/include -F/usr/local/Frameworks -isysroot/Library/Developer/CommandLineTools/SDKs/MacOSX10.15.sdk  -DDARWIN -DSIGPROCMASK_SETS_THREAD_MASK -DDARWIN_10 -I/usr/local/Cellar/python@3.9/3.9.1_4/Frameworks/Python.framework/Versions/3.9/include/python3.9 -I/private/tmp/subversion-20210202-13421-1gu5eva/subversion-1.14.0/py3c/include conftest.c
configure:25604: $? = 0
configure:25604: result: yes
configure:25604: checking for py3c.h
configure:25604: result: yes
configure:25669: checking for compiling Python extensions
configure:25678: result: clang 
configure:25682: checking for linking Python extensions
configure:25691: result: clang -bundle -undefined dynamic_lookup -L/usr/local/lib -isysroot /Library/Developer/CommandLineTools/SDKs/MacOSX10.15.sdk -bundle_loader /usr/local/opt/python@3.9/Frameworks/Python.framework/Versions/3.9/bin/python
configure:25695: checking for linking Python libraries
configure:25704: result: -bundle -undefined dynamic_lookup -L/usr/local/lib -bundle_loader /usr/local/opt/python@3.9/Frameworks/Python.framework/Versions/3.9/bin/python
configure:25727: checking for Python >= 3
configure:25738: result: yes
configure:25774: checking perl version
configure:25777: result: 5032000
configure:25829: Configuring Ruby SWIG binding
configure:25832: checking for Ruby include path
configure:25850: result: -I. -I/Library/Developer/CommandLineTools/SDKs/MacOSX10.15.sdk/System/Library/Frameworks/Ruby.framework/Versions/2.6/usr/include/ruby-2.6.0 -I/Library/Developer/CommandLineTools/SDKs/MacOSX10.15.sdk/System/Library/Frameworks/Ruby.framework/Versions/2.6/usr/include/ruby-2.6.0/universal-darwin19
configure:25854: checking how to compile Ruby extensions
configure:25863: result: xcrun clang -Werror=unknown-warning-option -Os -w -pipe -march=nehalem -mmacosx-version-min=10.15 -isysroot/Library/Developer/CommandLineTools/SDKs/MacOSX10.15.sdk -O2  -DNDEBUG
configure:25877: checking how to link Ruby extensions
configure:25889: result: xcrun clang clang -dynamic -bundle -shrext .bundle
configure:25893: checking how to link Ruby libraries
configure:25902: result: -lruby.2.6 
configure:25925: checking for rb_errinfo
configure:25947: /usr/bin/clang -o conftest -Werror=unknown-warning-option -Os -w -pipe -march=nehalem -mmacosx-version-min=10.15 -isysroot/Library/Developer/CommandLineTools/SDKs/MacOSX10.15.sdk -O2  -DNDEBUG -I. -I/Library/Developer/CommandLineTools/SDKs/MacOSX10.15.sdk/System/Library/Frameworks/Ruby.framework/Versions/2.6/usr/include/ruby-2.6.0 -I/Library/Developer/CommandLineTools/SDKs/MacOSX10.15.sdk/System/Library/Frameworks/Ruby.framework/Versions/2.6/usr/include/ruby-2.6.0/universal-darwin19 -I/usr/local/opt/sqlite/include -I/usr/local/opt/readline/include -I/usr/local/opt/openssl@1.1/include -I/usr/local/opt/openjdk/include -F/usr/local/Frameworks -isysroot/Library/Developer/CommandLineTools/SDKs/MacOSX10.15.sdk  -DDARWIN -DSIGPROCMASK_SETS_THREAD_MASK -DDARWIN_10 -L/usr/local/opt/sqlite/lib -L/usr/local/opt/readline/lib -L/usr/local/opt/openssl@1.1/lib -L/usr/local/lib -F/usr/local/Frameworks -Wl,-headerpad_max_install_names -isysroot/Library/Developer/CommandLineTools/SDKs/MacOSX10.15.sdk  -L/usr/local/opt/openssl@1.1/lib -L/usr/local/Cellar/subversion/1.14.0_6/libexec/serf/lib  conftest.c -lruby.2.6 >&5
configure:25947: $? = 0
configure:25955: result: yes
configure:25984: checking where to install Ruby scripts
configure:25996: result: /usr/local/Cellar/subversion/1.14.0_6/lib/ruby/2.6.0
configure:25999: checking where to install Ruby extensions
configure:26011: result: /usr/local/Cellar/subversion/1.14.0_6/lib/ruby/2.6.0/universal-darwin19
configure:26014: checking how to use output level for Ruby bindings tests
configure:26033: result: normal
configure:26934: checking for ctypesgen.py
configure:26965: result: none
configure:27254: checking for boostlib >= 1.58 (105800)
configure:27286: /usr/bin/clang++ -c -Werror=unknown-warning-option -Os -w -pipe -march=nehalem -mmacosx-version-min=10.15 -isysroot/Library/Developer/CommandLineTools/SDKs/MacOSX10.15.sdk  -DNDEBUG -I/usr/local/opt/sqlite/include -I/usr/local/opt/readline/include -I/usr/local/opt/openssl@1.1/include -I/usr/local/opt/openjdk/include -F/usr/local/Frameworks -isysroot/Library/Developer/CommandLineTools/SDKs/MacOSX10.15.sdk  -DDARWIN -DSIGPROCMASK_SETS_THREAD_MASK -DDARWIN_10 -I/usr/local/include conftest.cpp >&5
configure:27286: $? = 0
configure:27288: result: yes
configure:27699: checking for additional flags to link C++ libraries
configure:27709: result: -lstdc++
configure:27748: checking stdbool.h usability
configure:27748: /usr/bin/clang -c -Werror=unknown-warning-option -Os -w -pipe -march=nehalem -mmacosx-version-min=10.15 -isysroot/Library/Developer/CommandLineTools/SDKs/MacOSX10.15.sdk -O2  -DNDEBUG -I/usr/local/opt/sqlite/include -I/usr/local/opt/readline/include -I/usr/local/opt/openssl@1.1/include -I/usr/local/opt/openjdk/include -F/usr/local/Frameworks -isysroot/Library/Developer/CommandLineTools/SDKs/MacOSX10.15.sdk  -DDARWIN -DSIGPROCMASK_SETS_THREAD_MASK -DDARWIN_10 conftest.c >&5
configure:27748: $? = 0
configure:27748: result: yes
configure:27748: checking stdbool.h presence
configure:27748: /usr/bin/clang -E -I/usr/local/opt/sqlite/include -I/usr/local/opt/readline/include -I/usr/local/opt/openssl@1.1/include -I/usr/local/opt/openjdk/include -F/usr/local/Frameworks -isysroot/Library/Developer/CommandLineTools/SDKs/MacOSX10.15.sdk  -DDARWIN -DSIGPROCMASK_SETS_THREAD_MASK -DDARWIN_10 conftest.c
configure:27748: $? = 0
configure:27748: result: yes
configure:27748: checking for stdbool.h
configure:27748: result: yes
configure:27748: checking for stdint.h
configure:27748: result: yes
configure:27972: creating ./config.status

## ---------------------- ##
## Running config.status. ##
## ---------------------- ##

This file was extended by subversion config.status 1.14.0, which was
generated by GNU Autoconf 2.69.  Invocation command line was

  CONFIG_FILES    = 
  CONFIG_HEADERS  = 
  CONFIG_LINKS    = 
  CONFIG_COMMANDS = 
  $ ./config.status 

on rews-MacBook-Pro.local

config.status:1325: creating Makefile
config.status:1325: creating subversion/libsvn_auth_gnome_keyring/libsvn_auth_gnome_keyring.pc
config.status:1325: creating subversion/libsvn_auth_kwallet/libsvn_auth_kwallet.pc
config.status:1325: creating subversion/libsvn_client/libsvn_client.pc
config.status:1325: creating subversion/libsvn_delta/libsvn_delta.pc
config.status:1325: creating subversion/libsvn_diff/libsvn_diff.pc
config.status:1325: creating subversion/libsvn_fs/libsvn_fs.pc
config.status:1325: creating subversion/libsvn_fs_base/libsvn_fs_base.pc
config.status:1325: creating subversion/libsvn_fs_fs/libsvn_fs_fs.pc
config.status:1325: creating subversion/libsvn_fs_util/libsvn_fs_util.pc
config.status:1325: creating subversion/libsvn_fs_x/libsvn_fs_x.pc
config.status:1325: creating subversion/libsvn_ra/libsvn_ra.pc
config.status:1325: creating subversion/libsvn_ra_local/libsvn_ra_local.pc
config.status:1325: creating subversion/libsvn_ra_serf/libsvn_ra_serf.pc
config.status:1325: creating subversion/libsvn_ra_svn/libsvn_ra_svn.pc
config.status:1325: creating subversion/libsvn_repos/libsvn_repos.pc
config.status:1325: creating subversion/libsvn_subr/libsvn_subr.pc
config.status:1325: creating subversion/libsvn_wc/libsvn_wc.pc
config.status:1325: creating tools/backup/hot-backup.py
config.status:1325: creating tools/hook-scripts/commit-access-control.pl
config.status:1325: creating subversion/bindings/swig/perl/native/Makefile.PL
config.status:1325: creating subversion/svn_private_config.h.tmp
config.status:1514: executing libtool commands
config.status:1514: executing svn_private_config.h.tmp commands

## ---------------- ##
## Cache variables. ##
## ---------------- ##

ac_cv_build=x86_64-apple-darwin19.6.0
ac_cv_c_compiler_gnu=yes
ac_cv_c_const=yes
ac_cv_cxx_compiler_gnu=yes
ac_cv_env_CCC_set=
ac_cv_env_CCC_value=
ac_cv_env_CC_set=set
ac_cv_env_CC_value=/usr/bin/clang
ac_cv_env_CFLAGS_set=set
ac_cv_env_CFLAGS_value='-Os -w -pipe -march=nehalem -mmacosx-version-min=10.15 -isysroot/Library/Developer/CommandLineTools/SDKs/MacOSX10.15.sdk'
ac_cv_env_CPPFLAGS_set=set
ac_cv_env_CPPFLAGS_value='-I/usr/local/opt/sqlite/include -I/usr/local/opt/readline/include -I/usr/local/opt/openssl@1.1/include -I/usr/local/opt/openjdk/include -F/usr/local/Frameworks -isysroot/Library/Developer/CommandLineTools/SDKs/MacOSX10.15.sdk'
ac_cv_env_CPP_set=
ac_cv_env_CPP_value=
ac_cv_env_CXXCPP_set=
ac_cv_env_CXXCPP_value=
ac_cv_env_CXXFLAGS_set=set
ac_cv_env_CXXFLAGS_value='-Os -w -pipe -march=nehalem -mmacosx-version-min=10.15 -isysroot/Library/Developer/CommandLineTools/SDKs/MacOSX10.15.sdk'
ac_cv_env_CXX_set=set
ac_cv_env_CXX_value=/usr/bin/clang++
ac_cv_env_LDFLAGS_set=set
ac_cv_env_LDFLAGS_value='-L/usr/local/opt/sqlite/lib -L/usr/local/opt/readline/lib -L/usr/local/opt/openssl@1.1/lib -L/usr/local/lib -F/usr/local/Frameworks -Wl,-headerpad_max_install_names -isysroot/Library/Developer/CommandLineTools/SDKs/MacOSX10.15.sdk'
ac_cv_env_LIBS_set=
ac_cv_env_LIBS_value=
ac_cv_env_LT_SYS_LIBRARY_PATH_set=
ac_cv_env_LT_SYS_LIBRARY_PATH_value=
ac_cv_env_PYTHON_set=set
ac_cv_env_PYTHON_value=/usr/local/opt/python@3.9/bin/python3
ac_cv_env_SWIG_FEATURES_set=
ac_cv_env_SWIG_FEATURES_value=
ac_cv_env_SWIG_PL_FEATURES_set=
ac_cv_env_SWIG_PL_FEATURES_value=
ac_cv_env_SWIG_PY_FEATURES_set=
ac_cv_env_SWIG_PY_FEATURES_value=
ac_cv_env_SWIG_RB_FEATURES_set=
ac_cv_env_SWIG_RB_FEATURES_value=
ac_cv_env_build_alias_set=
ac_cv_env_build_alias_value=
ac_cv_env_host_alias_set=
ac_cv_env_host_alias_value=
ac_cv_env_target_alias_set=
ac_cv_env_target_alias_value=
ac_cv_func__doprnt=no
ac_cv_func_bind_textdomain_codeset=yes
ac_cv_func_memcmp_working=yes
ac_cv_func_readlink=yes
ac_cv_func_symlink=yes
ac_cv_func_tcgetattr=yes
ac_cv_func_tcsetattr=yes
ac_cv_func_uname=yes
ac_cv_func_vprintf=yes
ac_cv_header_Python_h=yes
ac_cv_header_apr_memcache_h=yes
ac_cv_header_dlfcn_h=yes
ac_cv_header_elf_h=no
ac_cv_header_inttypes_h=yes
ac_cv_header_magic_h=yes
ac_cv_header_memory_h=yes
ac_cv_header_py3c_h=yes
ac_cv_header_sasl_sasl_h=yes
ac_cv_header_sasl_saslutil_h=yes
ac_cv_header_sqlite3_h=yes
ac_cv_header_stdbool_h=yes
ac_cv_header_stdc=yes
ac_cv_header_stdint_h=yes
ac_cv_header_stdlib_h=yes
ac_cv_header_string_h=yes
ac_cv_header_strings_h=yes
ac_cv_header_sys_stat_h=yes
ac_cv_header_sys_types_h=yes
ac_cv_header_sys_utsname_h=yes
ac_cv_header_termios_h=yes
ac_cv_header_unistd_h=yes
ac_cv_header_zlib_h=yes
ac_cv_host=x86_64-apple-darwin19.6.0
ac_cv_lib_aprutil_1_apr_memcache_create=yes
ac_cv_lib_magic_magic_open=yes
ac_cv_lib_sasl2_prop_get=yes
ac_cv_lib_socket_socket=no
ac_cv_lib_sqlite3_sqlite3_close=yes
ac_cv_lib_utf8proc_utf8proc_version=yes
ac_cv_lib_z_inflate=yes
ac_cv_objext=o
ac_cv_path_CTYPESGEN=none
ac_cv_path_DOXYGEN=none
ac_cv_path_EGREP='/usr/bin/grep -E'
ac_cv_path_FGREP='/usr/bin/grep -F'
ac_cv_path_GREP=/usr/bin/grep
ac_cv_path_MSGFMT=/usr/local/bin/msgfmt
ac_cv_path_MSGMERGE=/usr/local/bin/msgmerge
ac_cv_path_PERL=/usr/local/bin/perl
ac_cv_path_PKG_CONFIG=/usr/local/bin/pkg-config
ac_cv_path_PYTHON=/usr/local/opt/python@3.9/bin/python3
ac_cv_path_RDOC=/Users/rew/.rvm/rubies/ruby-2.6.5/bin/rdoc
ac_cv_path_RUBY=/usr/bin/ruby
ac_cv_path_SED=/usr/bin/sed
ac_cv_path_TRANG=none
ac_cv_path_XGETTEXT=/usr/local/bin/xgettext
ac_cv_path_install='/usr/bin/install -c'
ac_cv_path_lt_DD=/bin/dd
ac_cv_prog_AWK=awk
ac_cv_prog_CPP='/usr/bin/clang -E'
ac_cv_prog_CXXCPP='/usr/bin/clang++ -E'
ac_cv_prog_ac_ct_AR=ar
ac_cv_prog_ac_ct_CC=/usr/bin/clang
ac_cv_prog_ac_ct_DSYMUTIL=dsymutil
ac_cv_prog_ac_ct_LIPO=lipo
ac_cv_prog_ac_ct_NMEDIT=nmedit
ac_cv_prog_ac_ct_OBJDUMP=objdump
ac_cv_prog_ac_ct_OTOOL=otool
ac_cv_prog_ac_ct_RANLIB=ranlib
ac_cv_prog_ac_ct_STRIP=strip
ac_cv_prog_cc_c89=
ac_cv_prog_cc_g=yes
ac_cv_prog_cxx_g=yes
ac_cv_python_compile='clang '
ac_cv_python_includes=-I/usr/local/Cellar/python@3.9/3.9.1_4/Frameworks/Python.framework/Versions/3.9/include/python3.9
ac_cv_python_is_py3=yes
ac_cv_python_libs='-bundle -undefined dynamic_lookup -L/usr/local/lib -bundle_loader /usr/local/opt/python@3.9/Frameworks/Python.framework/Versions/3.9/bin/python'
ac_cv_python_link='clang -bundle -undefined dynamic_lookup -L/usr/local/lib -isysroot /Library/Developer/CommandLineTools/SDKs/MacOSX10.15.sdk -bundle_loader /usr/local/opt/python@3.9/Frameworks/Python.framework/Versions/3.9/bin/python'
ac_cv_ruby_libs='-lruby.2.6 '
ac_cv_search_bindtextdomain=-lintl
ac_cv_target=x86_64-apple-darwin19.6.0
ac_cv_type_size_t=yes
lt_cv_apple_cc_single_mod=yes
lt_cv_ar_at_file=no
lt_cv_deplibs_check_method=pass_all
lt_cv_file_magic_cmd='$MAGIC_CMD'
lt_cv_file_magic_test_file=
lt_cv_ld_exported_symbols_list=yes
lt_cv_ld_force_load=yes
lt_cv_ld_reload_flag=-r
lt_cv_nm_interface='BSD nm'
lt_cv_objdir=.libs
lt_cv_path_LD=/Applications/Xcode.app/Contents/Developer/Toolchains/XcodeDefault.xctoolchain/usr/bin/ld
lt_cv_path_LDCXX=/Applications/Xcode.app/Contents/Developer/Toolchains/XcodeDefault.xctoolchain/usr/bin/ld
lt_cv_path_NM='/usr/bin/nm -B'
lt_cv_path_mainfest_tool=no
lt_cv_prog_compiler_c_o=yes
lt_cv_prog_compiler_c_o_CXX=yes
lt_cv_prog_compiler_pic='-fno-common -DPIC'
lt_cv_prog_compiler_pic_CXX='-fno-common -DPIC'
lt_cv_prog_compiler_pic_works=yes
lt_cv_prog_compiler_pic_works_CXX=yes
lt_cv_prog_compiler_rtti_exceptions=yes
lt_cv_prog_compiler_static_works=no
lt_cv_prog_compiler_static_works_CXX=no
lt_cv_prog_gnu_ld=no
lt_cv_prog_gnu_ldcxx=no
lt_cv_sharedlib_from_linklib_cmd='printf %s\n'
lt_cv_sys_global_symbol_pipe='sed -n -e '\''s/^.*[	 ]\([BCDEGRST][BCDEGRST]*\)[	 ][	 ]*_\([_A-Za-z][_A-Za-z0-9]*\)$/\1 _\2 \2/p'\'' | sed '\''/ __gnu_lto/d'\'''
lt_cv_sys_global_symbol_to_c_name_address='sed -n -e '\''s/^: \(.*\) .*$/  {"\1", (void *) 0},/p'\'' -e '\''s/^[BCDEGRST][BCDEGRST]* .* \(.*\)$/  {"\1", (void *) \&\1},/p'\'''
lt_cv_sys_global_symbol_to_c_name_address_lib_prefix='sed -n -e '\''s/^: \(.*\) .*$/  {"\1", (void *) 0},/p'\'' -e '\''s/^[BCDEGRST][BCDEGRST]* .* \(lib.*\)$/  {"\1", (void *) \&\1},/p'\'' -e '\''s/^[BCDEGRST][BCDEGRST]* .* \(.*\)$/  {"lib\1", (void *) \&\1},/p'\'''
lt_cv_sys_global_symbol_to_cdecl='sed -n -e '\''s/^T .* \(.*\)$/extern int \1();/p'\'' -e '\''s/^[BCDEGRST][BCDEGRST]* .* \(.*\)$/extern char \1;/p'\'''
lt_cv_sys_global_symbol_to_import=
lt_cv_sys_max_cmd_len=196608
lt_cv_to_host_file_cmd=func_convert_file_noop
lt_cv_to_tool_file_cmd=func_convert_file_noop
lt_cv_truncate_bin='/bin/dd bs=4096 count=1'
svn_cv_atomic_builtins=yes
svn_cv_ruby_compile='xcrun clang -Werror=unknown-warning-option -Os -w -pipe -march=nehalem -mmacosx-version-min=10.15 -isysroot/Library/Developer/CommandLineTools/SDKs/MacOSX10.15.sdk -O2  -DNDEBUG'
svn_cv_ruby_includes='-I. -I/Library/Developer/CommandLineTools/SDKs/MacOSX10.15.sdk/System/Library/Frameworks/Ruby.framework/Versions/2.6/usr/include/ruby-2.6.0 -I/Library/Developer/CommandLineTools/SDKs/MacOSX10.15.sdk/System/Library/Frameworks/Ruby.framework/Versions/2.6/usr/include/ruby-2.6.0/universal-darwin19'
svn_cv_ruby_link='xcrun clang clang -dynamic -bundle -shrext .bundle'
svn_cv_ruby_major=2
svn_cv_ruby_minor=6
svn_cv_ruby_sitedir=/Library/Ruby/Site
svn_cv_ruby_sitedir_archsuffix=/2.6.0/universal-darwin19
svn_cv_ruby_sitedir_libsuffix=/2.6.0
svn_cv_ruby_teeny=3
svn_cv_ruby_test_verbose=normal

## ----------------- ##
## Output variables. ##
## ----------------- ##

APACHE_INCLUDES=''
APACHE_LDFLAGS=''
APACHE_LIBEXECDIR='no'
APXS='no'
AR='ar'
AWK='awk'
BDB_TEST_DEPS=''
BDB_TEST_PROGRAMS=''
BOOST_CPPFLAGS='-I/usr/local/include'
BOOST_LDFLAGS='-L/usr/local/lib'
BOOST_UNIT_TEST_FRAMEWORK_LIB=''
BUILD_RULES='fsmod-lib ramod-lib lib bin test sub-test  tools serf-lib locale'
CC='/usr/bin/clang'
CFLAGS='-Werror=unknown-warning-option -Os -w -pipe -march=nehalem -mmacosx-version-min=10.15 -isysroot/Library/Developer/CommandLineTools/SDKs/MacOSX10.15.sdk -O2  -DNDEBUG'
CMAINTAINERFLAGS=''
CMODEFLAGS='-std=c90 '
CNOWARNFLAGS='-w '
CPP='/usr/bin/clang -E'
CPPFLAGS='-I/usr/local/opt/sqlite/include -I/usr/local/opt/readline/include -I/usr/local/opt/openssl@1.1/include -I/usr/local/opt/openjdk/include -F/usr/local/Frameworks -isysroot/Library/Developer/CommandLineTools/SDKs/MacOSX10.15.sdk  -DDARWIN -DSIGPROCMASK_SETS_THREAD_MASK -DDARWIN_10'
CTYPESGEN='none'
CUSERFLAGS='-Os -w -pipe -march=nehalem -mmacosx-version-min=10.15 -isysroot/Library/Developer/CommandLineTools/SDKs/MacOSX10.15.sdk'
CXX='/usr/bin/clang++'
CXXCPP='/usr/bin/clang++ -E'
CXXFLAGS='-Werror=unknown-warning-option -Os -w -pipe -march=nehalem -mmacosx-version-min=10.15 -isysroot/Library/Developer/CommandLineTools/SDKs/MacOSX10.15.sdk  -DNDEBUG'
CXXMAINTAINERFLAGS=''
CXXMODEFLAGS='-std=c++11 '
CXXNOWARNFLAGS='-w '
CXXUSERFLAGS='-Os -w -pipe -march=nehalem -mmacosx-version-min=10.15 -isysroot/Library/Developer/CommandLineTools/SDKs/MacOSX10.15.sdk'
DEFS='-DHAVE_CONFIG_H'
DLLTOOL='false'
DOXYGEN='none'
DSYMUTIL='dsymutil'
DUMPBIN=''
ECHO_C='\c'
ECHO_N=''
ECHO_T=''
EGREP='/usr/bin/grep -E'
EXEEXT=''
FGREP='/usr/bin/grep -F'
FIX_JAVAHL_LIB='ln -sf libsvnjavahl-1.dylib $(libsvnjavahl_PATH)/.libs/libsvnjavahl-1.jnilib'
GETTEXT_CODESET=''
GREP='/usr/bin/grep'
HTTPD_VERSION=''
HTTPD_WHITELIST='no'
INCLUDE_OUTPUTS='include $(top_srcdir)/build-outputs.mk'
INSTALL_APACHE_MODS='false'
INSTALL_DATA='${INSTALL} -m 644'
INSTALL_EXTRA_JAVAHL_LIB='ln -sf $(libdir)/libsvnjavahl-1.dylib $(libdir)/libsvnjavahl-1.jnilib'
INSTALL_PROGRAM='${INSTALL}'
INSTALL_RULES='install-fsmod-lib install-ramod-lib install-serf-lib install-lib install-include install-static install-locale'
INSTALL_SCRIPT='${INSTALL}'
INSTALL_STATIC_RULES='install-bin install-docs install-serf-lib'
JAR='$(JDK)/bin/jar'
JAVA='$(JDK)/bin/java'
JAVAC='$(JDK)/bin/javac'
JAVAC_COMPAT_FLAGS=''
JAVAC_FLAGS='-target 1.8 -source 1.8'
JAVADOC='$(JDK)/bin/javadoc'
JAVAH='$(JDK)/bin/javah'
JAVAHL_COMPAT_TESTS_TARGET=''
JAVAHL_OBJDIR='$(libsvnjavahl_PATH)/.libs'
JAVAHL_TESTS_TARGET=''
JAVA_CLASSPATH=''
JDK='/usr/local/opt/openjdk'
JNI_INCLUDES='-I/usr/local/opt/openjdk/include -I/usr/local/opt/openjdk/include'
KDE_CONFIG=''
LD='/Applications/Xcode.app/Contents/Developer/Toolchains/XcodeDefault.xctoolchain/usr/bin/ld'
LDFLAGS='-L/usr/local/opt/sqlite/lib -L/usr/local/opt/readline/lib -L/usr/local/opt/openssl@1.1/lib -L/usr/local/lib -F/usr/local/Frameworks -Wl,-headerpad_max_install_names -isysroot/Library/Developer/CommandLineTools/SDKs/MacOSX10.15.sdk  -L/usr/local/opt/openssl@1.1/lib -L/usr/local/Cellar/subversion/1.14.0_6/libexec/serf/lib '
LIBOBJS=''
LIBS='-lintl '
LIBTOOL='$(SHELL) $(top_builddir)/libtool'
LIPO='lipo'
LN_S='ln -s'
LTLIBOBJS=''
LT_CFLAGS=''
LT_CXX_LIBADD='-lstdc++'
LT_LDFLAGS=''
LT_NO_UNDEFINED=''
LT_SYS_LIBRARY_PATH=''
MANIFEST_TOOL=':'
MKDIR='/usr/bin/install -c -d'
MOD_ACTIVATION=''
MSGFMT='/usr/local/bin/msgfmt'
MSGFMTFLAGS='-c'
MSGMERGE='/usr/local/bin/msgmerge'
NM='/usr/bin/nm -B'
NMEDIT='nmedit'
NO_GETTEXT_CODESET='#'
OBJDUMP='objdump'
OBJEXT='o'
OTOOL64=':'
OTOOL='otool'
PACKAGE_BUGREPORT='http://subversion.apache.org/'
PACKAGE_NAME='subversion'
PACKAGE_STRING='subversion 1.14.0'
PACKAGE_TARNAME='subversion'
PACKAGE_URL=''
PACKAGE_VERSION='1.14.0'
PATH_SEPARATOR=':'
PERL='/usr/local/bin/perl'
PKG_CONFIG='/usr/local/bin/pkg-config'
PYTHON='/usr/local/opt/python@3.9/bin/python3'
RANLIB='ranlib'
RDOC='/Users/rew/.rvm/rubies/ruby-2.6.5/bin/rdoc'
RUBY='/usr/bin/ruby'
RUBY_MAJOR='2'
RUBY_MINOR='6'
RUBY_TEENY='3'
SED='/usr/bin/sed'
SHELL='/bin/sh'
STRIP='strip'
SVN_APRUTIL_CONFIG='/usr/local/opt/apr-util/bin/apu-1-config'
SVN_APRUTIL_INCLUDES=' -I/usr/local/opt/apr-util/libexec/include/apr-1 -I/usr/local/opt/openssl@1.1/include'
SVN_APRUTIL_LIBS='-L/usr/local/opt/apr-util/libexec/lib -laprutil-1'
SVN_APR_CONFIG='/usr/local/opt/apr/bin/apr-1-config'
SVN_APR_INCLUDES=' -I/usr/local/opt/apr/libexec/include/apr-1 '
SVN_APR_LIBS='-L/usr/local/opt/apr/libexec/lib -lapr-1'
SVN_APR_MAJOR_VERSION='1'
SVN_APR_MEMCACHE_INCLUDES=''
SVN_APR_MEMCACHE_LIBS=''
SVN_APR_SHLIB_PATH_VAR='DYLD_LIBRARY_PATH'
SVN_BINDIR='/usr/local/Cellar/subversion/1.14.0_6/bin'
SVN_BUILD_SVNXX='false'
SVN_BUILD_SVNXX_TESTS='false'
SVN_CONFIG_SCRIPT_FILES=' tools/backup/hot-backup.py tools/hook-scripts/commit-access-control.pl subversion/bindings/swig/perl/native/Makefile.PL'
SVN_DB_INCLUDES=''
SVN_DB_LIBS=''
SVN_FS_LIB_DEPS='$(FS_FS_DEPS) $(FS_X_DEPS)'
SVN_FS_LIB_INSTALL_DEPS='install-fsmod-lib'
SVN_FS_LIB_LINK='$(FS_FS_LINK) $(FS_X_LINK)'
SVN_GNOME_KEYRING_INCLUDES=''
SVN_GNOME_KEYRING_LIBS=''
SVN_GNOME_KEYRING_PCLIBS=''
SVN_HAVE_GPG_AGENT=''
SVN_INTL_LIBS='-lintl'
SVN_KWALLET_INCLUDES=''
SVN_KWALLET_LIBS=''
SVN_LIBTOOL='$(SHELL) "/private/tmp/subversion-20210202-13421-1gu5eva/subversion-1.14.0/libtool"'
SVN_LT_SOVERSION='-version-info 0'
SVN_LZ4_INCLUDES='-I/usr/local/Cellar/lz4/1.9.3/include'
SVN_LZ4_LIBS='-L/usr/local/Cellar/lz4/1.9.3/lib -llz4'
SVN_MACOS_KEYCHAIN_LIBS='-framework Security -framework CoreServices'
SVN_MACOS_PLIST_LIBS='-framework CoreFoundation'
SVN_MAGIC_INCLUDES=''
SVN_MAGIC_LIBS='-lmagic'
SVN_PY3C_INCLUDES='-I/private/tmp/subversion-20210202-13421-1gu5eva/subversion-1.14.0/py3c/include'
SVN_RA_LIB_DEPS='$(RA_LOCAL_DEPS) $(RA_SVN_DEPS) $(RA_SERF_DEPS)'
SVN_RA_LIB_INSTALL_DEPS='install-ramod-lib install-serf-lib'
SVN_RA_LIB_LINK='$(RA_LOCAL_LINK) $(RA_SVN_LINK) $(RA_SERF_LINK)'
SVN_SASL_INCLUDES=''
SVN_SASL_LIBS='-lsasl2'
SVN_SERF_INCLUDES='-I/usr/local/Cellar/subversion/1.14.0_6/libexec/serf/include/serf-1 -I/usr/local/Cellar/openssl@1.1/1.1.1i/include'
SVN_SERF_LIBS='-lserf-1'
SVN_SQLITE_INCLUDES='-I/usr/local/opt/sqlite/include'
SVN_SQLITE_LIBS='-L/usr/local/opt/sqlite/lib -lsqlite3'
SVN_UTF8PROC_INCLUDES=''
SVN_UTF8PROC_LIBS='-lutf8proc'
SVN_XML_INCLUDES=''
SVN_XML_LIBS='-lexpat'
SVN_ZLIB_INCLUDES='-I/Library/Developer/CommandLineTools/SDKs/MacOSX10.15.sdk/usr/include'
SVN_ZLIB_LIBS='-L/Library/Developer/CommandLineTools/SDKs/MacOSX10.15.sdk/usr/lib -lz'
SWIG='/usr/local/opt/swig/bin/swig'
SWIG_FEATURES=''
SWIG_LDFLAGS='-L/usr/local/opt/sqlite/lib -L/usr/local/opt/readline/lib -L/usr/local/opt/openssl@1.1/lib -L/usr/local/lib -F/usr/local/Frameworks -Wl,-headerpad_max_install_names -isysroot/Library/Developer/CommandLineTools/SDKs/MacOSX10.15.sdk'
SWIG_PL_ERRMSG=''
SWIG_PL_FEATURES=''
SWIG_PL_INCLUDES='$(SWIG_INCLUDES)  -fno-common -DPERL_DARWIN -mmacosx-version-min=10.15 -fno-strict-aliasing -pipe -fstack-protector-strong -I/usr/local/include -DPERL_USE_SAFE_PUTENV  -I/usr/local/Cellar/perl/5.32.0/lib/perl5/5.32.0/darwin-thread-multi-2level/CORE '
SWIG_PL_LINK='-mmacosx-version-min=10.15 -fstack-protector-strong -L/usr/local/lib -L/usr/local/Cellar/perl/5.32.0/lib/perl5/5.32.0/darwin-thread-multi-2level/CORE -lperl -lpthread -ldl -lm -lutil -lc'
SWIG_PY_COMPILE='clang  -Werror=unknown-warning-option -Os -w -pipe -march=nehalem -mmacosx-version-min=10.15 -isysroot/Library/Developer/CommandLineTools/SDKs/MacOSX10.15.sdk -O2  -DNDEBUG'
SWIG_PY_ERRMSG=''
SWIG_PY_FEATURES=''
SWIG_PY_INCLUDES='$(SWIG_INCLUDES) -I/usr/local/Cellar/python@3.9/3.9.1_4/Frameworks/Python.framework/Versions/3.9/include/python3.9'
SWIG_PY_LIBS='-bundle -undefined dynamic_lookup -L/usr/local/lib -bundle_loader /usr/local/opt/python@3.9/Frameworks/Python.framework/Versions/3.9/bin/python'
SWIG_PY_LINK='clang -bundle -undefined dynamic_lookup -L/usr/local/lib -isysroot /Library/Developer/CommandLineTools/SDKs/MacOSX10.15.sdk -bundle_loader /usr/local/opt/python@3.9/Frameworks/Python.framework/Versions/3.9/bin/python'
SWIG_PY_OPTS='-python -py3 -nofastunpack'
SWIG_RB_COMPILE='xcrun clang -Werror=unknown-warning-option -Os -w -pipe -march=nehalem -mmacosx-version-min=10.15 -isysroot/Library/Developer/CommandLineTools/SDKs/MacOSX10.15.sdk -O2  -DNDEBUG -Wno-int-to-pointer-cast'
SWIG_RB_ERRMSG=''
SWIG_RB_FEATURES=''
SWIG_RB_INCLUDES='$(SWIG_INCLUDES) -I. -I/Library/Developer/CommandLineTools/SDKs/MacOSX10.15.sdk/System/Library/Frameworks/Ruby.framework/Versions/2.6/usr/include/ruby-2.6.0 -I/Library/Developer/CommandLineTools/SDKs/MacOSX10.15.sdk/System/Library/Frameworks/Ruby.framework/Versions/2.6/usr/include/ruby-2.6.0/universal-darwin19'
SWIG_RB_LIBS='-lruby.2.6'
SWIG_RB_LINK='xcrun clang clang -dynamic -bundle -shrext .bundle'
SWIG_RB_SITE_ARCH_DIR='/usr/local/Cellar/subversion/1.14.0_6/lib/ruby/2.6.0/universal-darwin19'
SWIG_RB_SITE_LIB_DIR='/usr/local/Cellar/subversion/1.14.0_6/lib/ruby/2.6.0'
SWIG_RB_TEST_VERBOSE='normal'
TRANG='none'
TRANSFORM_LIBTOOL_SCRIPTS=''
XGETTEXT='/usr/local/bin/xgettext'
abs_builddir='/private/tmp/subversion-20210202-13421-1gu5eva/subversion-1.14.0'
abs_srcdir='/private/tmp/subversion-20210202-13421-1gu5eva/subversion-1.14.0'
ac_ct_AR='ar'
ac_ct_CC='/usr/bin/clang'
ac_ct_CXX=''
ac_ct_DUMPBIN=''
bindir='${exec_prefix}/bin'
build='x86_64-apple-darwin19.6.0'
build_alias=''
build_cpu='x86_64'
build_os='darwin19.6.0'
build_vendor='apple'
canonicalized_srcdir=''
datadir='${datarootdir}'
datarootdir='${prefix}/share'
docdir='${datarootdir}/doc/${PACKAGE_TARNAME}'
dvidir='${docdir}'
exec_prefix='${prefix}'
host='x86_64-apple-darwin19.6.0'
host_alias=''
host_cpu='x86_64'
host_os='darwin19.6.0'
host_vendor='apple'
htmldir='${docdir}'
includedir='${prefix}/include'
infodir='${datarootdir}/info'
libdir='${exec_prefix}/lib'
libexecdir='${exec_prefix}/libexec'
libsvn_client_LDFLAGS=''
libsvn_delta_LDFLAGS=''
libsvn_diff_LDFLAGS=''
libsvn_fs_LDFLAGS=''
libsvn_fs_base_LDFLAGS=''
libsvn_fs_fs_LDFLAGS=''
libsvn_fs_util_LDFLAGS=''
libsvn_ra_LDFLAGS=''
libsvn_ra_local_LDFLAGS=''
libsvn_ra_serf_LDFLAGS=''
libsvn_ra_svn_LDFLAGS=''
libsvn_repos_LDFLAGS=''
libsvn_subr_LDFLAGS=''
libsvn_wc_LDFLAGS=''
localedir='${datadir}/locale'
localstatedir='${prefix}/var'
mandir='${datarootdir}/man'
oldincludedir='/usr/include'
pdfdir='${docdir}'
prefix='/usr/local/Cellar/subversion/1.14.0_6'
program_transform_name='s,x,x,'
psdir='${docdir}'
sbindir='${exec_prefix}/sbin'
shared_only_LDFLAGS=''
sharedstatedir='${prefix}/com'
sysconfdir='${prefix}/etc'
target='x86_64-apple-darwin19.6.0'
target_alias=''
target_cpu='x86_64'
target_os='darwin19.6.0'
target_vendor='apple'

## ----------- ##
## confdefs.h. ##
## ----------- ##

/* confdefs.h */
#define PACKAGE_NAME "subversion"
#define PACKAGE_TARNAME "subversion"
#define PACKAGE_VERSION "1.14.0"
#define PACKAGE_STRING "subversion 1.14.0"
#define PACKAGE_BUGREPORT "http://subversion.apache.org/"
#define PACKAGE_URL ""
#define SVN_SOVERSION 0
#define STDC_HEADERS 1
#define HAVE_SYS_TYPES_H 1
#define HAVE_SYS_STAT_H 1
#define HAVE_STDLIB_H 1
#define HAVE_STRING_H 1
#define HAVE_MEMORY_H 1
#define HAVE_STRINGS_H 1
#define HAVE_INTTYPES_H 1
#define HAVE_STDINT_H 1
#define HAVE_UNISTD_H 1
#define SVN_HAVE_SERF 1
#define SVN_HAVE_MEMCACHE 1
#define SVN_HAS_ATOMIC_BUILTINS 1
#define SVN_BINDIR "/usr/local/Cellar/subversion/1.14.0_6/bin"
#define SVN_LOCALE_DIR "/usr/local/Cellar/subversion/1.14.0_6/share/locale"
#define HAVE_DLFCN_H 1
#define LT_OBJDIR ".libs/"
#define SVN_FS_WANT_DB_MAJOR 4
#define SVN_FS_WANT_DB_MINOR 0
#define SVN_FS_WANT_DB_PATCH 14
#define SVN_HAVE_SASL 1
#define SVN_HAVE_MACHO_ITERATE 1
#define SVN_HAVE_MACOS_PLIST 1
#define SVN_HAVE_KEYCHAIN_SERVICES 1
#define ENABLE_NLS 1
#define HAVE_BIND_TEXTDOMAIN_CODESET 1
#define SVN_HAVE_LIBMAGIC 1
#define SVN_DISABLE_PLAINTEXT_PASSWORD_STORAGE 1
#define STDC_HEADERS 1
#define HAVE_VPRINTF 1
#define HAVE_SYMLINK 1
#define HAVE_READLINK 1
#define HAVE_SYS_UTSNAME_H 1
#define HAVE_UNAME 1
#define HAVE_TCGETATTR 1
#define HAVE_TERMIOS_H 1
#define HAVE_TCSETATTR 1
#define HAVE_TERMIOS_H 1
#define HAVE_ZLIB_H 1
#define HAVE_PY3C_H 1
#define HAVE_RB_ERRINFO 1
#define SVN_LIBSVN_RA_LINKS_RA_LOCAL 1
#define SVN_LIBSVN_RA_LINKS_RA_SVN 1
#define SVN_LIBSVN_RA_LINKS_RA_SERF 1
#define SVN_LIBSVN_FS_LINKS_FS_FS 1
#define SVN_LIBSVN_FS_LINKS_FS_X 1
#define HAVE_BOOST /**/
#define HAVE_STDBOOL_H 1
#define HAVE_STDINT_H 1
#define SVN_PATH_LOCAL_SEPARATOR '/'
#define SVN_NULL_DEVICE_NAME "/dev/null"
#define DEFAULT_FS_TYPE "fsfs"
#define DEFAULT_HTTP_LIBRARY "serf"
#define SVN_BUILD_HOST "x86_64-apple-darwin19.6.0"
#define SVN_BUILD_TARGET "x86_64-apple-darwin19.6.0"

configure: exit 0
